#
# A fatal error has been detected by the Java Runtime Environment:
#
#  Internal Error (jvmciRuntime.cpp:1609), pid=30, tid=45
#  fatal error: Fatal exception in JVMCI: Error calling jdk.vm.ci.services.Services.serializeSavedProperties
#
# JRE version: OpenJDK Runtime Environment GraalVM CE 22.3.0 (17.0.5+8) (build 17.0.5+8-jvmci-22.3-b08)
# Java VM: OpenJDK 64-Bit Server VM GraalVM CE 22.3.0 (17.0.5+8-jvmci-22.3-b08, mixed mode, sharing, tiered, jvmci, jvmci compiler, compressed oops, compressed class ptrs, parallel gc, linux-amd64)
# Problematic frame:
# V  [libjvm.so+0x972714]  JVMCIRuntime::fatal_exception(JVMCIEnv*, char const*)+0x74
#
# Core dump will be written. Default location: Core dumps may be processed with "/usr/share/apport/apport -p%p -s%s -c%c -d%d -P%P -u%u -g%g -- %E" (or dumping to /home/runner/Recursion/core.30)
#
# If you would like to submit a bug report, please visit:
#   https://github.com/oracle/graal/issues
#

---------------  S U M M A R Y ------------

Command Line: -XX:ThreadPriorityPolicy=1 -XX:+UnlockExperimentalVMOptions -XX:+EnableJVMCIProduct -XX:JVMCIThreadsPerNativeLibraryRuntime=1 -XX:-UnlockExperimentalVMOptions -Declipse.application=org.eclipse.jdt.ls.core.id1 -Dosgi.bundles.defaultStartLevel=4 -Declipse.product=org.eclipse.jdt.ls.core.product -Dlog.level=ALL -Xverify:none -XX:+UseParallelGC -XX:GCTimeRatio=4 -XX:AdaptiveSizePolicyWeight=90 -Dsun.zip.disableMemoryMapping=true -Xmx512m -Xms100m /nix/store/m6gcpi1ii6rghy04cjwjddcavv7i90df-jdt-language-server-1.9.0/share/java/plugins/org.eclipse.equinox.launcher_1.6.400.v20210924-0641.jar --add-modules=ALL-SYSTEM --add-opens java.base/java.util=ALL-UNNAMED --add-opens java.base/java.lang=ALL-UNNAMED -configuration /home/runner/.cache/jdt-language-server/config -data /home/runner/.cache/jdt-language-server/data/home/runner/Recursion

Host: AMD EPYC 7B13, 4 cores, 1G, Ubuntu 20.04.2 LTS
Time: Mon Feb 20 00:04:09 2023 UTC elapsed time: 238.104709 seconds (0d 0h 3m 58s)

---------------  T H R E A D  ---------------

Current thread (0x00007f79f00b21d0):  JavaThread "JVMCI-native CompilerThread0" daemon [_thread_in_vm, id=45, stack(0x00007f79d561a000,0x00007f79d581a000)]


Current CompileTask:
JVMCI-native: 238104 8145   !   4       org.eclipse.jdt.internal.core.NameLookup::seekTypesInBinaryPackage (393 bytes)

Stack: [0x00007f79d561a000,0x00007f79d581a000],  sp=0x00007f79d5818380,  free space=2040k
Native frames: (J=compiled Java code, j=interpreted, Vv=VM code, C=native code)
V  [libjvm.so+0x972714]  JVMCIRuntime::fatal_exception(JVMCIEnv*, char const*)+0x74
V  [libjvm.so+0x93e2fe]  JVMCIEnv::copy_saved_properties()+0x14e
V  [libjvm.so+0x9732a9]  JVMCIRuntime::initialize(JVMCIEnv*)+0xb19
V  [libjvm.so+0x9738a2]  JVMCIRuntime::get_HotSpotJVMCIRuntime(JVMCIEnv*)+0x12
V  [libjvm.so+0x9749f2]  JVMCIRuntime::compile_method(JVMCIEnv*, JVMCICompiler*, methodHandle const&, int)+0xd2
V  [libjvm.so+0x5b0d20]  CompileBroker::invoke_compiler_on_method(CompileTask*)+0x1470
V  [libjvm.so+0x5b12e8]  CompileBroker::compiler_thread_loop()+0x528
V  [libjvm.so+0xd82460]  JavaThread::thread_main_inner()+0xd0
V  [libjvm.so+0xd85a40]  Thread::call_run()+0xc0
V  [libjvm.so+0xbdb1e1]  thread_native_entry(Thread*)+0xe1

Register to memory mapping:

RAX=0x00007f79f52f1000 points into unknown readable memory: 0x0000000000000058 | 58 00 00 00 00 00 00 00
RBX=0x00007f79f63ec398: <offset 0x0000000000ef5398> in /nix/store/gpxl5qgg8kicmcvivwmybwjlpf7wh20l-graalvm17-ce-22.3.0/lib/server/libjvm.so at 0x00007f79f54f7000
RCX=0x00007f79f63a41e8: <offset 0x0000000000ead1e8> in /nix/store/gpxl5qgg8kicmcvivwmybwjlpf7wh20l-graalvm17-ce-22.3.0/lib/server/libjvm.so at 0x00007f79f54f7000
RDX=0x0000000000000649 is an unknown value
RSP=0x00007f79d5818380 is pointing into the stack for thread: 0x00007f79f00b21d0
RBP=0x00007f79d58183a0 is pointing into the stack for thread: 0x00007f79f00b21d0
RSI=0x00007f79f63ecc48: <offset 0x0000000000ef5c48> in /nix/store/gpxl5qgg8kicmcvivwmybwjlpf7wh20l-graalvm17-ce-22.3.0/lib/server/libjvm.so at 0x00007f79f54f7000
RDI=0x00000000e0000000 is an oop: java.lang.String 
{0x00000000e0000000} - klass: 'java/lang/String'
 - string: "resolution"
R8 =0x00007f79f63ec398: <offset 0x0000000000ef5398> in /nix/store/gpxl5qgg8kicmcvivwmybwjlpf7wh20l-graalvm17-ce-22.3.0/lib/server/libjvm.so at 0x00007f79f54f7000
R9 =0x00007f79d5818330 is pointing into the stack for thread: 0x00007f79f00b21d0
R10=0x00007f79d5819948 is pointing into the stack for thread: 0x00007f79f00b21d0
R11=0x0000000000000293 is an unknown value
R12=0x0 is NULL
R13=0x00007f79f00b21d0 is a thread
R14=0x00007f79f0000b80 points into unknown readable memory: 0x00007f79f661da38 | 38 da 61 f6 79 7f 00 00
R15=0x00007f79f672be40: <offset 0x0000000001234e40> in /nix/store/gpxl5qgg8kicmcvivwmybwjlpf7wh20l-graalvm17-ce-22.3.0/lib/server/libjvm.so at 0x00007f79f54f7000


Registers:
RAX=0x00007f79f52f1000, RBX=0x00007f79f63ec398, RCX=0x00007f79f63a41e8, RDX=0x0000000000000649
RSP=0x00007f79d5818380, RBP=0x00007f79d58183a0, RSI=0x00007f79f63ecc48, RDI=0x00000000e0000000
R8 =0x00007f79f63ec398, R9 =0x00007f79d5818330, R10=0x00007f79d5819948, R11=0x0000000000000293
R12=0x0000000000000000, R13=0x00007f79f00b21d0, R14=0x00007f79f0000b80, R15=0x00007f79f672be40
RIP=0x00007f79f5e69714, EFLAGS=0x0000000000010206, CSGSFS=0x002b000000000033, ERR=0x0000000000000006
  TRAPNO=0x000000000000000e

Top of Stack: (sp=0x00007f79d5818380)
0x00007f79d5818380:   00007f79d5818940 00007f79f00b21d0
0x00007f79d5818390:   00007f79f4c828c8 0000000800c413b0
0x00007f79d58183a0:   00007f79d5818500 00007f79f5e352fe
0x00007f79d58183b0:   00007f79d58183e0 00007f79d5818440 

Instructions: (pc=0x00007f79f5e69714)
0x00007f79f5e69614:   30 e8 f6 cf e8 ff 4c 89 e7 e8 2e 48 d1 ff 84 db
0x00007f79f5e69624:   75 2a 4d 85 ed 74 04 4d 8b 6d 00 48 83 c4 08 44
0x00007f79f5e69634:   89 f9 4c 89 f2 4c 89 ee 5b 4c 89 e7 41 5c 41 5d
0x00007f79f5e69644:   41 5e 41 5f 5d e9 e2 47 d1 ff 66 90 48 83 c4 08
0x00007f79f5e69654:   5b 41 5c 41 5d 41 5e 41 5f 5d c3 90 31 d2 be 08
0x00007f79f5e69664:   00 00 00 4c 89 ff e8 b1 78 a3 ff 49 89 c5 e9 37
0x00007f79f5e69674:   ff ff ff 66 0f 1f 84 00 00 00 00 00 48 8b 7a 08
0x00007f79f5e69684:   e9 6d ff ff ff 0f 1f 80 00 00 00 00 e8 5b 48 0a
0x00007f79f5e69694:   00 84 c0 75 89 e9 6a ff ff ff 66 90 55 48 89 e5
0x00007f79f5e696a4:   41 56 41 55 41 54 49 89 fc 53 48 89 f3 66 48 8d
0x00007f79f5e696b4:   3d 27 5e 85 00 66 66 48 e8 df 43 8d ff 4c 8b 28
0x00007f79f5e696c4:   8b 05 be 72 8a 00 85 c0 75 14 ba 01 00 00 00 48
0x00007f79f5e696d4:   8d 0d ae 72 8a 00 f0 0f b1 11 85 c0 74 4e be c8
0x00007f79f5e696e4:   00 00 00 4c 89 ef e8 01 0b 41 00 48 8d 05 12 ac
0x00007f79f5e696f4:   85 00 49 89 d8 48 8d 0d e8 aa 53 00 ba 49 06 00
0x00007f79f5e69704:   00 48 8d 35 3c 35 58 00 bf 00 00 00 e0 48 8b 00
0x00007f79f5e69714:   c6 00 58 31 c0 e8 e2 91 c6 ff 5b 41 5c 41 5d 41
0x00007f79f5e69724:   5e 5d e9 55 34 26 00 0f 1f 44 00 00 48 8d 05 81
0x00007f79f5e69734:   a3 8b 00 48 89 df 4c 8b 30 e8 9e 43 8d ff 48 89
0x00007f79f5e69744:   de 48 89 c2 49 8b 06 4c 89 f7 ff 50 08 4c 89 f7
0x00007f79f5e69754:   e8 a7 5c 27 00 4d 85 e4 74 12 be 01 00 00 00 4c
0x00007f79f5e69764:   89 e7 e8 35 43 fc ff eb 82 0f 1f 00 be 01 00 00
0x00007f79f5e69774:   00 4c 89 ef e8 d3 fd ff ff e9 6d ff ff ff 66 66
0x00007f79f5e69784:   2e 0f 1f 84 00 00 00 00 00 0f 1f 00 55 48 89 e5
0x00007f79f5e69794:   41 57 41 56 41 55 41 54 53 48 81 ec 08 02 00 00
0x00007f79f5e697a4:   64 48 8b 04 25 28 00 00 00 48 89 45 c8 8b 07 83
0x00007f79f5e697b4:   f8 02 0f 84 11 04 00 00 4c 8b 6f 18 49 89 ff 49
0x00007f79f5e697c4:   89 f4 4d 85 ed 74 14 4c 89 ef e8 5d 57 22 00 41
0x00007f79f5e697d4:   8b 07 83 f8 02 0f 84 19 04 00 00 48 8d 1d 9a 06
0x00007f79f5e697e4:   8a 00 4c 8d 35 0b 3c 58 00 eb 38 90 48 85 d2 7f
0x00007f79f5e697f4:   0d 48 8d 05 b4 c0 85 00 48 83 38 00 7e 0e 41 8b
0x00007f79f5e69804:   77 2c 4c 89 f7 31 c0 e8 a0 b2 f7 ff 49 8b 7f 18 


Stack slot to memory mapping:
stack at sp + 0 slots: 0x00007f79d5818940 is pointing into the stack for thread: 0x00007f79f00b21d0
stack at sp + 1 slots: 0x00007f79f00b21d0 is a thread
stack at sp + 2 slots: 0x00007f79f4c828c8 points into unknown readable memory: 0x6573001880c9ffff | ff ff c9 80 18 00 73 65
stack at sp + 3 slots: 0x0000000800c413b0 is a pointer to class: 
jdk.vm.ci.services.Services {0x0000000800c413b0}
 - instance size:     2
 - klass size:        65
 - access:            public final synchronized 
 - state:             fully_initialized
 - name:              'jdk/vm/ci/services/Services'
 - super:             'java/lang/Object'
 - sub:               
 - arrays:            NULL
 - methods:           Array<T>(0x00007f79d5c3f3f8)
 - method ordering:   Array<T>(0x0000000800928960)
 - default_methods:   Array<T>(0x0000000000000000)
 - local interfaces:  Array<T>(0x00000008005ce810)
 - trans. interfaces: Array<T>(0x00000008005ce810)
 - constants:         constant pool [427] {0x00007f79d5c3e200} for 'jdk/vm/ci/services/Services' cache=0x00007f79d5c40700
 - class loader data:  loader data: 0x00007f79f00283f0 of 'bootstrap'
 - source file:       'Services.java'
 - class annotations:       Array<T>(0x0000000000000000)
 - class type annotations:  Array<T>(0x0000000000000000)
 - field annotations:       Array<T>(0x0000000000000000)
 - field type annotations:  Array<T>(0x0000000000000000)
 - inner classes:     Array<T>(0x00007f79d5c40698)
 - nest members:     Array<T>(0x00007f79d5c406b8)
 - permitted subclasses:     Array<T>(0x00000008005ce7a0)
 - java mirror:       a 'java/lang/Class'{0x00000000e014aee8} = 'jdk/vm/ci/services/Services'
 - vtable length      5  (start addr: 0x0000000800c41580)
 - itable length      2 (start addr: 0x0000000800c415a8)
 - ---- static fields (3 words):
 - public static final 'IS_BUILDING_NATIVE_IMAGE' 'Z' @128 
 - public static final 'IS_IN_NATIVE_IMAGE' 'Z' @129 
 - private static volatile 'savedProperties' 'Ljava/util/Map;' @112 
 - static final 'JVMCI_ENABLED' 'Z' @130 
 - private static final 'servicesCache' 'Ljava/util/Map;' @116 
 - private static final 'MAX_UNICODE_IN_UTF8_LENGTH' 'I' @120 
 - private static final 'MAX_UTF8_PROPERTY_STRING_LENGTH' 'I' @124 
 - ---- non-static fields (0 words):
 - non-static oop maps: 
stack at sp + 4 slots: 0x00007f79d5818500 is pointing into the stack for thread: 0x00007f79f00b21d0
stack at sp + 5 slots: 0x00007f79f5e352fe: <offset 0x000000000093e2fe> in /nix/store/gpxl5qgg8kicmcvivwmybwjlpf7wh20l-graalvm17-ce-22.3.0/lib/server/libjvm.so at 0x00007f79f54f7000
stack at sp + 6 slots: 0x00007f79d58183e0 is pointing into the stack for thread: 0x00007f79f00b21d0
stack at sp + 7 slots: 0x00007f79d5818440 is pointing into the stack for thread: 0x00007f79f00b21d0


---------------  P R O C E S S  ---------------

Threads class SMR info:
_java_thread_list=0x00007f7978000b70, length=27, elements={
0x00007f79f0026690, 0x00007f79f00a64d0, 0x00007f79f00a7910, 0x00007f79f00ae040,
0x00007f79f00af3f0, 0x00007f79f00b07e0, 0x00007f79f00b21d0, 0x00007f79f00b36e0,
0x00007f79f00b4b30, 0x00007f79f00d7950, 0x00007f79f011fd80, 0x00007f79f037bd00,
0x00007f79f03af560, 0x00007f79f03b13d0, 0x00007f79f0676ca0, 0x00007f7984017060,
0x00007f79842cb6e0, 0x00007f79844a9e50, 0x00007f7984618b80, 0x00007f79f0516720,
0x00007f79f04df870, 0x00007f79880238f0, 0x00007f7984873cc0, 0x00007f7984074b80,
0x00007f797c16b270, 0x00007f797c07f340, 0x00007f797c0785c0
}

Java Threads: ( => current thread )
  0x00007f79f0026690 JavaThread "main" [_thread_blocked, id=37, stack(0x00007f79f5312000,0x00007f79f5412000)]
  0x00007f79f00a64d0 JavaThread "Reference Handler" daemon [_thread_blocked, id=40, stack(0x00007f79f4329000,0x00007f79f4429000)]
  0x00007f79f00a7910 JavaThread "Finalizer" daemon [_thread_blocked, id=41, stack(0x00007f79f4229000,0x00007f79f4329000)]
  0x00007f79f00ae040 JavaThread "Signal Dispatcher" daemon [_thread_blocked, id=42, stack(0x00007f79f4129000,0x00007f79f4229000)]
  0x00007f79f00af3f0 JavaThread "Service Thread" daemon [_thread_blocked, id=43, stack(0x00007f79f4029000,0x00007f79f4129000)]
  0x00007f79f00b07e0 JavaThread "Monitor Deflation Thread" daemon [_thread_blocked, id=44, stack(0x00007f79d581a000,0x00007f79d591a000)]
=>0x00007f79f00b21d0 JavaThread "JVMCI-native CompilerThread0" daemon [_thread_in_vm, id=45, stack(0x00007f79d561a000,0x00007f79d581a000)]
  0x00007f79f00b36e0 JavaThread "C1 CompilerThread0" daemon [_thread_blocked, id=46, stack(0x00007f79d541a000,0x00007f79d561a000)]
  0x00007f79f00b4b30 JavaThread "Sweeper thread" daemon [_thread_blocked, id=47, stack(0x00007f79d531a000,0x00007f79d541a000)]
  0x00007f79f00d7950 JavaThread "Common-Cleaner" daemon [_thread_blocked, id=48, stack(0x00007f79d521a000,0x00007f79d531a000)]
  0x00007f79f011fd80 JavaThread "Notification Thread" daemon [_thread_blocked, id=50, stack(0x00007f79d511a000,0x00007f79d521a000)]
  0x00007f79f037bd00 JavaThread "Active Thread: Equinox Container: ecfdc6e9-0ad0-4c4c-978c-62b966b5f254" [_thread_blocked, id=59, stack(0x00007f79d4e00000,0x00007f79d4f00000)]
  0x00007f79f03af560 JavaThread "Framework Event Dispatcher: Equinox Container: ecfdc6e9-0ad0-4c4c-978c-62b966b5f254" daemon [_thread_blocked, id=64, stack(0x00007f79d4c00000,0x00007f79d4d00000)]
  0x00007f79f03b13d0 JavaThread "Start Level: Equinox Container: ecfdc6e9-0ad0-4c4c-978c-62b966b5f254" daemon [_thread_blocked, id=65, stack(0x00007f79d4a00000,0x00007f79d4b00000)]
  0x00007f79f0676ca0 JavaThread "Refresh Thread: Equinox Container: ecfdc6e9-0ad0-4c4c-978c-62b966b5f254" daemon [_thread_blocked, id=66, stack(0x00007f79d4800000,0x00007f79d4900000)]
  0x00007f7984017060 JavaThread "SCR Component Actor" daemon [_thread_blocked, id=68, stack(0x00007f79d4600000,0x00007f79d4700000)]
  0x00007f79842cb6e0 JavaThread "Worker-JM" [_thread_blocked, id=77, stack(0x00007f79d4200000,0x00007f79d4300000)]
  0x00007f79844a9e50 JavaThread "Java indexing" daemon [_thread_blocked, id=80, stack(0x00007f799c700000,0x00007f799c800000)]
  0x00007f7984618b80 JavaThread "Bundle File Closer" daemon [_thread_blocked, id=89, stack(0x00007f799c500000,0x00007f799c600000)]
  0x00007f79f0516720 JavaThread "pool-3-thread-1" [_thread_blocked, id=90, stack(0x00007f799c300000,0x00007f799c400000)]
  0x00007f79f04df870 JavaThread "pool-2-thread-1" [_thread_blocked, id=91, stack(0x00007f799c100000,0x00007f799c200000)]
  0x00007f79880238f0 JavaThread "Worker-3" [_thread_blocked, id=93, stack(0x00007f799bf00000,0x00007f799c000000)]
  0x00007f7984873cc0 JavaThread "Worker-4: Publish Diagnostics" [_thread_blocked, id=94, stack(0x00007f799bd00000,0x00007f799be00000)]
  0x00007f7984074b80 JavaThread "Worker-6" [_thread_blocked, id=140, stack(0x00007f799b900000,0x00007f799ba00000)]
  0x00007f797c16b270 JavaThread "Thread-17" [_thread_blocked, id=268, stack(0x00007f799b300000,0x00007f799b400000)]
  0x00007f797c07f340 JavaThread "Thread-19" [_thread_blocked, id=270, stack(0x00007f79d4400000,0x00007f79d4500000)]
  0x00007f797c0785c0 JavaThread "Thread-20" [_thread_blocked, id=279, stack(0x00007f799b700000,0x00007f799b800000)]

Other Threads:
  0x00007f79f00a1c10 VMThread "VM Thread" [stack: 0x00007f79f442b000,0x00007f79f452b000] [id=39] _threads_hazard_ptr=0x00007f7978000b70
  0x00007f79f0121720 WatcherThread [stack: 0x00007f79d501a000,0x00007f79d511a000] [id=51]
  0x00007f79f003df30 GCTaskThread "GC Thread#0" [stack: 0x00007f79f4ed5000,0x00007f79f4fd5000] [id=38]

Threads with active compile tasks:
JVMCI-native CompilerThread0   238119 8145   !   4       org.eclipse.jdt.internal.core.NameLookup::seekTypesInBinaryPackage (393 bytes)

VM state: synchronizing (normal execution)

VM Mutex/Monitor currently owned by a thread:  ([mutex/lock_event])
[0x00007f79f0023840] Threads_lock - owner thread: 0x00007f79f00a1c10
[0x00007f79f0023ff0] Heap_lock - owner thread: 0x00007f79844a9e50

OutOfMemory and StackOverflow Exception counts:
OutOfMemoryError java_heap_errors=7
LinkageErrors=51

Heap address: 0x00000000e0000000, size: 512 MB, Compressed Oops mode: 32-bit

CDS archive(s) mapped at: [0x0000000800000000-0x0000000800bc8000-0x0000000800bc8000), size 12353536, SharedBaseAddress: 0x0000000800000000, ArchiveRelocationMode: 0.
Compressed class space mapped at: 0x0000000800c00000-0x0000000840c00000, reserved size: 1073741824
Narrow klass base: 0x0000000800000000, Narrow klass shift: 0, Narrow klass range: 0x100000000

GC Precious Log:
 CPUs: 4 total, 1 available
 Memory: 1024M
 Large Page Support: Disabled
 NUMA Support: Disabled
 Compressed Oops: Enabled (32-bit)
 Alignments: Space 512K, Generation 512K, Heap 2M
 Heap Min Capacity: 100M
 Heap Initial Capacity: 100M
 Heap Max Capacity: 512M
 Pre-touch: Disabled
 Parallel Workers: 1

Heap:
 PSYoungGen      total 30208K, used 13311K [0x00000000f5580000, 0x00000000f8600000, 0x0000000100000000)
  eden space 13312K, 99% used [0x00000000f5580000,0x00000000f627fff8,0x00000000f6280000)
  from space 16896K, 0% used [0x00000000f7580000,0x00000000f7580000,0x00000000f8600000)
  to   space 17920K, 0% used [0x00000000f6280000,0x00000000f6280000,0x00000000f7400000)
 ParOldGen       total 349696K, used 349695K [0x00000000e0000000, 0x00000000f5580000, 0x00000000f5580000)
  object space 349696K, 99% used [0x00000000e0000000,0x00000000f557fff8,0x00000000f5580000)
 Metaspace       used 55266K, committed 56128K, reserved 1105920K
  class space    used 5483K, committed 5888K, reserved 1048576K

Card table byte_map: [0x00007f79f4fd5000,0x00007f79f50d6000] _byte_map_base: 0x00007f79f48d5000

Marking Bits: (ParMarkBitMap*) 0x00007f79f67254c0
 Begin Bits: [0x00007f79d64b3000, 0x00007f79d6cb3000)
 End Bits:   [0x00007f79d6cb3000, 0x00007f79d74b3000)

Polling page: 0x00007f79f52ef000

Metaspace:

Usage:
  Non-class:     48.62 MB used.
      Class:      5.36 MB used.
       Both:     53.97 MB used.

Virtual space:
  Non-class space:       56.00 MB reserved,      49.06 MB ( 88%) committed,  7 nodes.
      Class space:        1.00 GB reserved,       5.75 MB ( <1%) committed,  1 nodes.
             Both:        1.05 GB reserved,      54.81 MB (  5%) committed. 

Chunk freelists:
   Non-Class:  2.85 MB
       Class:  2.21 MB
        Both:  5.06 MB

MaxMetaspaceSize: unlimited
CompressedClassSpaceSize: 1.00 GB
Initial GC threshold: 21.00 MB
Current GC threshold: 91.25 MB
CDS: on
MetaspaceReclaimPolicy: balanced
 - commit_granule_bytes: 65536.
 - commit_granule_words: 8192.
 - virtual_space_node_default_size: 1048576.
 - enlarge_chunks_in_place: 1.
 - new_chunks_are_fully_committed: 0.
 - uncommit_free_chunks: 1.
 - use_allocation_guard: 0.
 - handle_deallocations: 1.


Internal statistics:

num_allocs_failed_limit: 6.
num_arena_births: 380.
num_arena_deaths: 68.
num_vsnodes_births: 8.
num_vsnodes_deaths: 0.
num_space_committed: 876.
num_space_uncommitted: 0.
num_chunks_returned_to_freelist: 98.
num_chunks_taken_from_freelist: 2480.
num_chunk_merges: 38.
num_chunk_splits: 1608.
num_chunks_enlarged: 1036.
num_purges: 2.
num_inconsistent_stats: 0.

CodeHeap 'non-profiled nmethods': size=120036Kb used=2354Kb max_used=2354Kb free=117681Kb
 bounds [0x00007f79def7a000, 0x00007f79df1ea000, 0x00007f79e64b3000]
CodeHeap 'profiled nmethods': size=120032Kb used=13964Kb max_used=14700Kb free=106067Kb
 bounds [0x00007f79d7a42000, 0x00007f79d88a2000, 0x00007f79def7a000]
CodeHeap 'non-nmethods': size=5692Kb used=1372Kb max_used=1395Kb free=4319Kb
 bounds [0x00007f79d74b3000, 0x00007f79d7723000, 0x00007f79d7a42000]
 total_blobs=6923 nmethods=6224 adapters=612
 compilation: enabled
              stopped_count=0, restarted_count=0
 full_count=0

JVMCI Events (20 events):
Event: 50.006 Thread 0x00007f79f00b21d0 compacted oop handles in JVMCI runtime 0 from 142 to 92
Event: 61.530 Thread 0x00007f79f00b21d0 compacted oop handles in JVMCI runtime 0 from 170 to 122
Event: 61.531 Thread 0x00007f79f00b21d0 compacted oop handles in JVMCI runtime 0 from 126 to 125
Event: 67.337 Thread 0x00007f79f00b21d0 compacted oop handles in JVMCI runtime 0 from 150 to 149
Event: 68.292 Thread 0x00007f79f00b21d0 compacted oop handles in JVMCI runtime 0 from 150 to 80
Event: 103.209 Thread 0x00007f79f00b21d0 compacted oop handles in JVMCI runtime 0 from 124 to 123
Event: 103.209 Thread 0x00007f79f00b21d0 compacted oop handles in JVMCI runtime 0 from 124 to 87
Event: 103.214 Thread 0x00007f79f00b21d0 compacted oop handles in JVMCI runtime 0 from 96 to 93
Event: 104.988 Thread 0x00007f79f00b21d0 compacted oop handles in JVMCI runtime 0 from 128 to 112
Event: 106.817 Thread 0x00007f79f00b21d0 detaching from JVMCI runtime 0: releasing idle compiler thread (0 other threads still attached)
Event: 106.817 Thread 0x00007f79f00b21d0 shutting down HotSpotJVMCIRuntime for JVMCI runtime 0
Event: 106.817 Thread 0x00007f79f00b21d0 shut down JVMCI runtime 0
Event: 107.721 Thread 0x00007f79f00b21d0 destroyed JavaVM[1]@0x00007f799d69e340 for JVMCI runtime 0
Event: 107.721 Thread 0x00007f79f00b21d0 compacted oop handles in JVMCI runtime 0 from 115 to 115
Event: 107.721 Thread 0x00007f79f00b21d0 releasing handles for JVMCI runtime 0: oop handles=115, metadata handles={total=1152, live=1089, blocks=36}
Event: 107.721 Thread 0x00007f79f00b21d0 detached from JVMCI runtime 0
Event: 162.407 Thread 0x00007f79f00b21d0 attached to JVMCI runtime 0
Event: 162.408 Thread 0x00007f79f00b21d0 created JavaVM[2]@0x00007f799ac9e340 for JVMCI runtime 0
Event: 163.231 Thread 0x00007f79f00b21d0 initializing JVMCI runtime 0
Event: 163.231 Thread 0x00007f79f00b21d0 done waiting for JavaVM references initialization in JVMCI runtime 0

Compilation events (20 events):
Event: 103.212 Thread 0x00007f79f00b21d0 nmethod 7087 0x00007f79df1c5190 code [0x00007f79df1c5300, 0x00007f79df1c5378]
Event: 103.212 Thread 0x00007f79f00b21d0 7381       4       org.eclipse.jdt.internal.core.search.matching.ConstructorPattern::createDefaultDeclarationIndexKey (13 bytes)
Event: 103.214 Thread 0x00007f79f00b21d0 nmethod 7381 0x00007f79df1c5490 code [0x00007f79df1c5620, 0x00007f79df1c56b0]
Event: 103.214 Thread 0x00007f79f00b21d0 6460       4       org.eclipse.jdt.internal.core.PackageFragmentRoot::getPath (5 bytes)
Event: 103.214 Thread 0x00007f79f00b21d0 nmethod 6460 0x00007f79df1c5810 code [0x00007f79df1c5980, 0x00007f79df1c59e0]
Event: 103.214 Thread 0x00007f79f00b21d0 6508       4       org.eclipse.core.internal.events.ResourceDelta::getKind (9 bytes)
Event: 103.215 Thread 0x00007f79f00b21d0 nmethod 6508 0x00007f79df1c5b10 code [0x00007f79df1c5c80, 0x00007f79df1c5cd0]
Event: 103.215 Thread 0x00007f79f00b21d0 7591       4       org.eclipse.jdt.core.dom.ASTVisitor::postVisit (1 bytes)
Event: 103.215 Thread 0x00007f79f00b21d0 nmethod 7591 0x00007f79df1c5e10 code [0x00007f79df1c5f80, 0x00007f79df1c5fc0]
Event: 103.215 Thread 0x00007f79f00b21d0 6989       4       sun.nio.fs.UnixFileSystemProvider::getPath (9 bytes)
Event: 104.988 Thread 0x00007f79f00b21d0 nmethod 6989 0x00007f79df1c6110 code [0x00007f79df1c62a0, 0x00007f79df1c6310]
Event: 104.988 Thread 0x00007f79f00b21d0 7752       4       org.eclipse.jdt.core.dom.ASTVisitor::preVisit2 (7 bytes)
Event: 104.989 Thread 0x00007f79f00b21d0 nmethod 7752 0x00007f79df1c6410 code [0x00007f79df1c6580, 0x00007f79df1c65e8]
Event: 104.989 Thread 0x00007f79f00b21d0 6466       4       java.util.regex.Pattern$SliceNode::study (37 bytes)
Event: 104.990 Thread 0x00007f79f00b21d0 nmethod 6466 0x00007f79df1c6710 code [0x00007f79df1c68a0, 0x00007f79df1c6988]
Event: 162.407 Thread 0x00007f79f00b21d0 8145   !   4       org.eclipse.jdt.internal.core.NameLookup::seekTypesInBinaryPackage (393 bytes)
Event: 172.424 Thread 0x00007f79f00b36e0 8146  s    3       org.eclipse.jdt.internal.core.search.processing.JobManager::currentJob (35 bytes)
Event: 174.197 Thread 0x00007f79f00b36e0 nmethod 8146 0x00007f79d867ce90 code [0x00007f79d867d060, 0x00007f79d867d9b0]
Event: 221.919 Thread 0x00007f79f00b36e0 8148       3       java.util.concurrent.Executors$RunnableAdapter::call (14 bytes)
Event: 223.632 Thread 0x00007f79f00b36e0 nmethod 8148 0x00007f79d867c890 code [0x00007f79d867ca40, 0x00007f79d867cd80]

GC Heap History (20 events):
Event: 229.526 GC heap before
{Heap before GC invocations=376 (full 218):
 PSYoungGen      total 30208K, used 13312K [0x00000000f5580000, 0x00000000f8600000, 0x0000000100000000)
  eden space 13312K, 100% used [0x00000000f5580000,0x00000000f6280000,0x00000000f6280000)
  from space 16896K, 0% used [0x00000000f7580000,0x00000000f7580000,0x00000000f8600000)
  to   space 17920K, 0% used [0x00000000f6280000,0x00000000f6280000,0x00000000f7400000)
 ParOldGen       total 349696K, used 349696K [0x00000000e0000000, 0x00000000f5580000, 0x00000000f5580000)
  object space 349696K, 100% used [0x00000000e0000000,0x00000000f5580000,0x00000000f5580000)
 Metaspace       used 55266K, committed 56128K, reserved 1105920K
  class space    used 5483K, committed 5888K, reserved 1048576K
}
Event: 230.420 GC heap after
{Heap after GC invocations=376 (full 218):
 PSYoungGen      total 31232K, used 13312K [0x00000000f5580000, 0x00000000f8600000, 0x0000000100000000)
  eden space 13312K, 100% used [0x00000000f5580000,0x00000000f6280000,0x00000000f6280000)
  from space 17920K, 0% used [0x00000000f6280000,0x00000000f6280000,0x00000000f7400000)
  to   space 16896K, 0% used [0x00000000f7580000,0x00000000f7580000,0x00000000f8600000)
 ParOldGen       total 349696K, used 349695K [0x00000000e0000000, 0x00000000f5580000, 0x00000000f5580000)
  object space 349696K, 99% used [0x00000000e0000000,0x00000000f557ffe0,0x00000000f5580000)
 Metaspace       used 55266K, committed 56128K, reserved 1105920K
  class space    used 5483K, committed 5888K, reserved 1048576K
}
Event: 230.421 GC heap before
{Heap before GC invocations=377 (full 219):
 PSYoungGen      total 31232K, used 13312K [0x00000000f5580000, 0x00000000f8600000, 0x0000000100000000)
  eden space 13312K, 100% used [0x00000000f5580000,0x00000000f6280000,0x00000000f6280000)
  from space 17920K, 0% used [0x00000000f6280000,0x00000000f6280000,0x00000000f7400000)
  to   space 16896K, 0% used [0x00000000f7580000,0x00000000f7580000,0x00000000f8600000)
 ParOldGen       total 349696K, used 349695K [0x00000000e0000000, 0x00000000f5580000, 0x00000000f5580000)
  object space 349696K, 99% used [0x00000000e0000000,0x00000000f557ffe0,0x00000000f5580000)
 Metaspace       used 55266K, committed 56128K, reserved 1105920K
  class space    used 5483K, committed 5888K, reserved 1048576K
}
Event: 231.289 GC heap after
{Heap after GC invocations=377 (full 219):
 PSYoungGen      total 30208K, used 13312K [0x00000000f5580000, 0x00000000f8600000, 0x0000000100000000)
  eden space 13312K, 100% used [0x00000000f5580000,0x00000000f6280000,0x00000000f6280000)
  from space 16896K, 0% used [0x00000000f7580000,0x00000000f7580000,0x00000000f8600000)
  to   space 17920K, 0% used [0x00000000f6280000,0x00000000f6280000,0x00000000f7400000)
 ParOldGen       total 349696K, used 349695K [0x00000000e0000000, 0x00000000f5580000, 0x00000000f5580000)
  object space 349696K, 99% used [0x00000000e0000000,0x00000000f557ffe0,0x00000000f5580000)
 Metaspace       used 55266K, committed 56128K, reserved 1105920K
  class space    used 5483K, committed 5888K, reserved 1048576K
}
Event: 231.290 GC heap before
{Heap before GC invocations=378 (full 220):
 PSYoungGen      total 30208K, used 13312K [0x00000000f5580000, 0x00000000f8600000, 0x0000000100000000)
  eden space 13312K, 100% used [0x00000000f5580000,0x00000000f6280000,0x00000000f6280000)
  from space 16896K, 0% used [0x00000000f7580000,0x00000000f7580000,0x00000000f8600000)
  to   space 17920K, 0% used [0x00000000f6280000,0x00000000f6280000,0x00000000f7400000)
 ParOldGen       total 349696K, used 349696K [0x00000000e0000000, 0x00000000f5580000, 0x00000000f5580000)
  object space 349696K, 100% used [0x00000000e0000000,0x00000000f5580000,0x00000000f5580000)
 Metaspace       used 55266K, committed 56128K, reserved 1105920K
  class space    used 5483K, committed 5888K, reserved 1048576K
}
Event: 232.113 GC heap after
{Heap after GC invocations=378 (full 220):
 PSYoungGen      total 31232K, used 13311K [0x00000000f5580000, 0x00000000f8600000, 0x0000000100000000)
  eden space 13312K, 99% used [0x00000000f5580000,0x00000000f627ffe0,0x00000000f6280000)
  from space 17920K, 0% used [0x00000000f6280000,0x00000000f6280000,0x00000000f7400000)
  to   space 16896K, 0% used [0x00000000f7580000,0x00000000f7580000,0x00000000f8600000)
 ParOldGen       total 349696K, used 349696K [0x00000000e0000000, 0x00000000f5580000, 0x00000000f5580000)
  object space 349696K, 100% used [0x00000000e0000000,0x00000000f5580000,0x00000000f5580000)
 Metaspace       used 55266K, committed 56128K, reserved 1105920K
  class space    used 5483K, committed 5888K, reserved 1048576K
}
Event: 232.113 GC heap before
{Heap before GC invocations=379 (full 221):
 PSYoungGen      total 31232K, used 13312K [0x00000000f5580000, 0x00000000f8600000, 0x0000000100000000)
  eden space 13312K, 100% used [0x00000000f5580000,0x00000000f6280000,0x00000000f6280000)
  from space 17920K, 0% used [0x00000000f6280000,0x00000000f6280000,0x00000000f7400000)
  to   space 16896K, 0% used [0x00000000f7580000,0x00000000f7580000,0x00000000f8600000)
 ParOldGen       total 349696K, used 349696K [0x00000000e0000000, 0x00000000f5580000, 0x00000000f5580000)
  object space 349696K, 100% used [0x00000000e0000000,0x00000000f5580000,0x00000000f5580000)
 Metaspace       used 55266K, committed 56128K, reserved 1105920K
  class space    used 5483K, committed 5888K, reserved 1048576K
}
Event: 232.928 GC heap after
{Heap after GC invocations=379 (full 221):
 PSYoungGen      total 30208K, used 13311K [0x00000000f5580000, 0x00000000f8600000, 0x0000000100000000)
  eden space 13312K, 99% used [0x00000000f5580000,0x00000000f627ffe0,0x00000000f6280000)
  from space 16896K, 0% used [0x00000000f7580000,0x00000000f7580000,0x00000000f8600000)
  to   space 17920K, 0% used [0x00000000f6280000,0x00000000f6280000,0x00000000f7400000)
 ParOldGen       total 349696K, used 349695K [0x00000000e0000000, 0x00000000f5580000, 0x00000000f5580000)
  object space 349696K, 99% used [0x00000000e0000000,0x00000000f557ffe0,0x00000000f5580000)
 Metaspace       used 55266K, committed 56128K, reserved 1105920K
  class space    used 5483K, committed 5888K, reserved 1048576K
}
Event: 232.928 GC heap before
{Heap before GC invocations=380 (full 222):
 PSYoungGen      total 30208K, used 13312K [0x00000000f5580000, 0x00000000f8600000, 0x0000000100000000)
  eden space 13312K, 100% used [0x00000000f5580000,0x00000000f6280000,0x00000000f6280000)
  from space 16896K, 0% used [0x00000000f7580000,0x00000000f7580000,0x00000000f8600000)
  to   space 17920K, 0% used [0x00000000f6280000,0x00000000f6280000,0x00000000f7400000)
 ParOldGen       total 349696K, used 349695K [0x00000000e0000000, 0x00000000f5580000, 0x00000000f5580000)
  object space 349696K, 99% used [0x00000000e0000000,0x00000000f557ffe0,0x00000000f5580000)
 Metaspace       used 55266K, committed 56128K, reserved 1105920K
  class space    used 5483K, committed 5888K, reserved 1048576K
}
Event: 233.802 GC heap after
{Heap after GC invocations=380 (full 222):
 PSYoungGen      total 31232K, used 13311K [0x00000000f5580000, 0x00000000f8600000, 0x0000000100000000)
  eden space 13312K, 99% used [0x00000000f5580000,0x00000000f627ffe0,0x00000000f6280000)
  from space 17920K, 0% used [0x00000000f6280000,0x00000000f6280000,0x00000000f7400000)
  to   space 16896K, 0% used [0x00000000f7580000,0x00000000f7580000,0x00000000f8600000)
 ParOldGen       total 349696K, used 349695K [0x00000000e0000000, 0x00000000f5580000, 0x00000000f5580000)
  object space 349696K, 99% used [0x00000000e0000000,0x00000000f557ffe0,0x00000000f5580000)
 Metaspace       used 55266K, committed 56128K, reserved 1105920K
  class space    used 5483K, committed 5888K, reserved 1048576K
}
Event: 233.802 GC heap before
{Heap before GC invocations=381 (full 223):
 PSYoungGen      total 31232K, used 13312K [0x00000000f5580000, 0x00000000f8600000, 0x0000000100000000)
  eden space 13312K, 100% used [0x00000000f5580000,0x00000000f6280000,0x00000000f6280000)
  from space 17920K, 0% used [0x00000000f6280000,0x00000000f6280000,0x00000000f7400000)
  to   space 16896K, 0% used [0x00000000f7580000,0x00000000f7580000,0x00000000f8600000)
 ParOldGen       total 349696K, used 349695K [0x00000000e0000000, 0x00000000f5580000, 0x00000000f5580000)
  object space 349696K, 99% used [0x00000000e0000000,0x00000000f557ffe0,0x00000000f5580000)
 Metaspace       used 55266K, committed 56128K, reserved 1105920K
  class space    used 5483K, committed 5888K, reserved 1048576K
}
Event: 234.693 GC heap after
{Heap after GC invocations=381 (full 223):
 PSYoungGen      total 30208K, used 13311K [0x00000000f5580000, 0x00000000f8600000, 0x0000000100000000)
  eden space 13312K, 99% used [0x00000000f5580000,0x00000000f627ffe0,0x00000000f6280000)
  from space 16896K, 0% used [0x00000000f7580000,0x00000000f7580000,0x00000000f8600000)
  to   space 17920K, 0% used [0x00000000f6280000,0x00000000f6280000,0x00000000f7400000)
 ParOldGen       total 349696K, used 349695K [0x00000000e0000000, 0x00000000f5580000, 0x00000000f5580000)
  object space 349696K, 99% used [0x00000000e0000000,0x00000000f557ffe0,0x00000000f5580000)
 Metaspace       used 55266K, committed 56128K, reserved 1105920K
  class space    used 5483K, committed 5888K, reserved 1048576K
}
Event: 234.693 GC heap before
{Heap before GC invocations=382 (full 224):
 PSYoungGen      total 30208K, used 13312K [0x00000000f5580000, 0x00000000f8600000, 0x0000000100000000)
  eden space 13312K, 100% used [0x00000000f5580000,0x00000000f6280000,0x00000000f6280000)
  from space 16896K, 0% used [0x00000000f7580000,0x00000000f7580000,0x00000000f8600000)
  to   space 17920K, 0% used [0x00000000f6280000,0x00000000f6280000,0x00000000f7400000)
 ParOldGen       total 349696K, used 349695K [0x00000000e0000000, 0x00000000f5580000, 0x00000000f5580000)
  object space 349696K, 99% used [0x00000000e0000000,0x00000000f557ffe0,0x00000000f5580000)
 Metaspace       used 55266K, committed 56128K, reserved 1105920K
  class space    used 5483K, committed 5888K, reserved 1048576K
}
Event: 235.511 GC heap after
{Heap after GC invocations=382 (full 224):
 PSYoungGen      total 31232K, used 13311K [0x00000000f5580000, 0x00000000f8600000, 0x0000000100000000)
  eden space 13312K, 99% used [0x00000000f5580000,0x00000000f627ffe0,0x00000000f6280000)
  from space 17920K, 0% used [0x00000000f6280000,0x00000000f6280000,0x00000000f7400000)
  to   space 16896K, 0% used [0x00000000f7580000,0x00000000f7580000,0x00000000f8600000)
 ParOldGen       total 349696K, used 349695K [0x00000000e0000000, 0x00000000f5580000, 0x00000000f5580000)
  object space 349696K, 99% used [0x00000000e0000000,0x00000000f557ffe0,0x00000000f5580000)
 Metaspace       used 55266K, committed 56128K, reserved 1105920K
  class space    used 5483K, committed 5888K, reserved 1048576K
}
Event: 235.511 GC heap before
{Heap before GC invocations=383 (full 225):
 PSYoungGen      total 31232K, used 13312K [0x00000000f5580000, 0x00000000f8600000, 0x0000000100000000)
  eden space 13312K, 100% used [0x00000000f5580000,0x00000000f6280000,0x00000000f6280000)
  from space 17920K, 0% used [0x00000000f6280000,0x00000000f6280000,0x00000000f7400000)
  to   space 16896K, 0% used [0x00000000f7580000,0x00000000f7580000,0x00000000f8600000)
 ParOldGen       total 349696K, used 349695K [0x00000000e0000000, 0x00000000f5580000, 0x00000000f5580000)
  object space 349696K, 99% used [0x00000000e0000000,0x00000000f557ffe0,0x00000000f5580000)
 Metaspace       used 55266K, committed 56128K, reserved 1105920K
  class space    used 5483K, committed 5888K, reserved 1048576K
}
Event: 236.386 GC heap after
{Heap after GC invocations=383 (full 225):
 PSYoungGen      total 30208K, used 13311K [0x00000000f5580000, 0x00000000f8600000, 0x0000000100000000)
  eden space 13312K, 99% used [0x00000000f5580000,0x00000000f627ffe0,0x00000000f6280000)
  from space 16896K, 0% used [0x00000000f7580000,0x00000000f7580000,0x00000000f8600000)
  to   space 17920K, 0% used [0x00000000f6280000,0x00000000f6280000,0x00000000f7400000)
 ParOldGen       total 349696K, used 349695K [0x00000000e0000000, 0x00000000f5580000, 0x00000000f5580000)
  object space 349696K, 99% used [0x00000000e0000000,0x00000000f557ffe0,0x00000000f5580000)
 Metaspace       used 55266K, committed 56128K, reserved 1105920K
  class space    used 5483K, committed 5888K, reserved 1048576K
}
Event: 236.386 GC heap before
{Heap before GC invocations=384 (full 226):
 PSYoungGen      total 30208K, used 13311K [0x00000000f5580000, 0x00000000f8600000, 0x0000000100000000)
  eden space 13312K, 99% used [0x00000000f5580000,0x00000000f627fff0,0x00000000f6280000)
  from space 16896K, 0% used [0x00000000f7580000,0x00000000f7580000,0x00000000f8600000)
  to   space 17920K, 0% used [0x00000000f6280000,0x00000000f6280000,0x00000000f7400000)
 ParOldGen       total 349696K, used 349695K [0x00000000e0000000, 0x00000000f5580000, 0x00000000f5580000)
  object space 349696K, 99% used [0x00000000e0000000,0x00000000f557ffe0,0x00000000f5580000)
 Metaspace       used 55266K, committed 56128K, reserved 1105920K
  class space    used 5483K, committed 5888K, reserved 1048576K
}
Event: 237.227 GC heap after
{Heap after GC invocations=384 (full 226):
 PSYoungGen      total 31232K, used 13311K [0x00000000f5580000, 0x00000000f8600000, 0x0000000100000000)
  eden space 13312K, 99% used [0x00000000f5580000,0x00000000f627ffe0,0x00000000f6280000)
  from space 17920K, 0% used [0x00000000f6280000,0x00000000f6280000,0x00000000f7400000)
  to   space 16896K, 0% used [0x00000000f7580000,0x00000000f7580000,0x00000000f8600000)
 ParOldGen       total 349696K, used 349695K [0x00000000e0000000, 0x00000000f5580000, 0x00000000f5580000)
  object space 349696K, 99% used [0x00000000e0000000,0x00000000f557ffe0,0x00000000f5580000)
 Metaspace       used 55266K, committed 56128K, reserved 1105920K
  class space    used 5483K, committed 5888K, reserved 1048576K
}
Event: 237.227 GC heap before
{Heap before GC invocations=385 (full 227):
 PSYoungGen      total 31232K, used 13311K [0x00000000f5580000, 0x00000000f8600000, 0x0000000100000000)
  eden space 13312K, 99% used [0x00000000f5580000,0x00000000f627ffe0,0x00000000f6280000)
  from space 17920K, 0% used [0x00000000f6280000,0x00000000f6280000,0x00000000f7400000)
  to   space 16896K, 0% used [0x00000000f7580000,0x00000000f7580000,0x00000000f8600000)
 ParOldGen       total 349696K, used 349695K [0x00000000e0000000, 0x00000000f5580000, 0x00000000f5580000)
  object space 349696K, 99% used [0x00000000e0000000,0x00000000f557ffe0,0x00000000f5580000)
 Metaspace       used 55266K, committed 56128K, reserved 1105920K
  class space    used 5483K, committed 5888K, reserved 1048576K
}
Event: 238.100 GC heap after
{Heap after GC invocations=385 (full 227):
 PSYoungGen      total 30208K, used 13311K [0x00000000f5580000, 0x00000000f8600000, 0x0000000100000000)
  eden space 13312K, 99% used [0x00000000f5580000,0x00000000f627ffe0,0x00000000f6280000)
  from space 16896K, 0% used [0x00000000f7580000,0x00000000f7580000,0x00000000f8600000)
  to   space 17920K, 0% used [0x00000000f6280000,0x00000000f6280000,0x00000000f7400000)
 ParOldGen       total 349696K, used 349695K [0x00000000e0000000, 0x00000000f5580000, 0x00000000f5580000)
  object space 349696K, 99% used [0x00000000e0000000,0x00000000f557ffe0,0x00000000f5580000)
 Metaspace       used 55266K, committed 56128K, reserved 1105920K
  class space    used 5483K, committed 5888K, reserved 1048576K
}

Dll operation events (9 events):
Event: 0.001 Loaded shared library /nix/store/gpxl5qgg8kicmcvivwmybwjlpf7wh20l-graalvm17-ce-22.3.0/lib/libjava.so
Event: 0.005 Loaded shared library /nix/store/gpxl5qgg8kicmcvivwmybwjlpf7wh20l-graalvm17-ce-22.3.0/lib/libjsvml.so
Event: 0.190 Loaded shared library /nix/store/gpxl5qgg8kicmcvivwmybwjlpf7wh20l-graalvm17-ce-22.3.0/lib/libjvmcicompiler.so
Event: 0.190 Loaded shared library /nix/store/gpxl5qgg8kicmcvivwmybwjlpf7wh20l-graalvm17-ce-22.3.0/lib/libnio.so
Event: 0.196 Loaded shared library /nix/store/gpxl5qgg8kicmcvivwmybwjlpf7wh20l-graalvm17-ce-22.3.0/lib/libzip.so
Event: 0.495 Loaded shared library /nix/store/gpxl5qgg8kicmcvivwmybwjlpf7wh20l-graalvm17-ce-22.3.0/lib/libjimage.so
Event: 0.906 Loaded shared library /nix/store/gpxl5qgg8kicmcvivwmybwjlpf7wh20l-graalvm17-ce-22.3.0/lib/libnet.so
Event: 3.402 Loaded shared library /home/runner/.cache/jdt-language-server/config/org.eclipse.equinox.launcher/org.eclipse.equinox.launcher.gtk.linux.x86_64_1.2.400.v20211117-0650/eclipse_11600.so
Event: 9.388 Loaded shared library /nix/store/gpxl5qgg8kicmcvivwmybwjlpf7wh20l-graalvm17-ce-22.3.0/lib/libextnet.so

Deoptimization events (20 events):
Event: 198.188 Thread 0x00007f7984873cc0 Uncommon trap: trap_request=0xffffff8f fr.pc=0x00007f79df13e681 relative=0x00000000000006c1
Event: 198.188 Thread 0x00007f7984873cc0 Uncommon trap: reason=constraint action=none pc=0x00007f79df13e681 method=org.eclipse.jdt.core.compiler.CharOperation.splitOn(C[C)[[C @ 120 jvmci
Event: 199.096 Thread 0x00007f7984873cc0 DEOPT PACKING pc=0x00007f79df13e681 sp=0x00007f799bdfd9f0
Event: 199.096 Thread 0x00007f7984873cc0 DEOPT UNPACKING pc=0x00007f79d7505325 sp=0x00007f799bdfce78 mode 3
Event: 207.633 Thread 0x00007f79844a9e50 Uncommon trap: trap_request=0xffffff8f fr.pc=0x00007f79df1a3f14 relative=0x0000000000000274
Event: 207.633 Thread 0x00007f79844a9e50 Uncommon trap: reason=constraint action=none pc=0x00007f79df1a3f14 method=org.eclipse.jdt.internal.core.index.DiskIndex$IntList.add(I)V @ 0 jvmci
Event: 207.633 Thread 0x00007f79844a9e50 DEOPT PACKING pc=0x00007f79df1a3f14 sp=0x00007f799c7fe500
Event: 207.633 Thread 0x00007f79844a9e50 DEOPT UNPACKING pc=0x00007f79d7505325 sp=0x00007f799c7fd9a0 mode 3
Event: 225.403 Thread 0x00007f7984873cc0 Uncommon trap: trap_request=0xffffff8f fr.pc=0x00007f79df1b5955 relative=0x0000000000001055
Event: 225.403 Thread 0x00007f7984873cc0 Uncommon trap: reason=constraint action=none pc=0x00007f79df1b5955 method=org.eclipse.jdt.internal.compiler.lookup.ModuleBinding.getOrCreateDeclaredPackage([[C)Lorg/eclipse/jdt/internal/compiler/lookup/PlainPackageBinding; @ 15 jvmci
Event: 225.403 Thread 0x00007f7984873cc0 DEOPT PACKING pc=0x00007f79df1b5955 sp=0x00007f799bdfd9b0
Event: 225.403 Thread 0x00007f7984873cc0 DEOPT UNPACKING pc=0x00007f79d7505325 sp=0x00007f799bdfce88 mode 3
Event: 227.907 Thread 0x00007f797c0785c0 Uncommon trap: trap_request=0xffffff8f fr.pc=0x00007f79defb1a14 relative=0x0000000000000274
Event: 227.907 Thread 0x00007f797c0785c0 Uncommon trap: reason=constraint action=none pc=0x00007f79defb1a14 method=java.lang.StringLatin1.newString([BII)Ljava/lang/String; @ 0 jvmci
Event: 229.526 Thread 0x00007f797c0785c0 DEOPT PACKING pc=0x00007f79defb1a14 sp=0x00007f799b7fd8f0
Event: 229.526 Thread 0x00007f797c0785c0 DEOPT UNPACKING pc=0x00007f79d7505325 sp=0x00007f799b7fcd80 mode 3
Event: 231.289 Thread 0x00007f797c0785c0 Uncommon trap: trap_request=0xffffff8f fr.pc=0x00007f79defa6f98 relative=0x00000000000001f8
Event: 231.289 Thread 0x00007f797c0785c0 Uncommon trap: reason=constraint action=none pc=0x00007f79defa6f98 method=java.util.Arrays.copyOfRange([BII)[B @ 0 jvmci
Event: 231.289 Thread 0x00007f797c0785c0 DEOPT PACKING pc=0x00007f79defa6f98 sp=0x00007f799b7fd850
Event: 231.289 Thread 0x00007f797c0785c0 DEOPT UNPACKING pc=0x00007f79d7505325 sp=0x00007f799b7fcce8 mode 3

Classes unloaded (20 events):
Event: 53.710 Thread 0x00007f79f00a1c10 Unloading class 0x0000000800edd000 'jdk/internal/reflect/GeneratedConstructorAccessor8'
Event: 53.710 Thread 0x00007f79f00a1c10 Unloading class 0x0000000800d99000 'java/lang/invoke/LambdaForm$MH+0x0000000800d99000'
Event: 53.710 Thread 0x00007f79f00a1c10 Unloading class 0x0000000800d98c00 'java/lang/invoke/LambdaForm$MH+0x0000000800d98c00'
Event: 53.710 Thread 0x00007f79f00a1c10 Unloading class 0x0000000800d98800 'java/lang/invoke/LambdaForm$MH+0x0000000800d98800'
Event: 53.710 Thread 0x00007f79f00a1c10 Unloading class 0x0000000800d98400 'java/lang/invoke/LambdaForm$MH+0x0000000800d98400'
Event: 53.710 Thread 0x00007f79f00a1c10 Unloading class 0x0000000800d98000 'jdk/internal/reflect/GeneratedConstructorAccessor3'
Event: 53.710 Thread 0x00007f79f00a1c10 Unloading class 0x0000000800d06c00 'java/lang/invoke/LambdaForm$MH+0x0000000800d06c00'
Event: 53.710 Thread 0x00007f79f00a1c10 Unloading class 0x0000000800d06400 'java/lang/invoke/LambdaForm$MH+0x0000000800d06400'
Event: 53.710 Thread 0x00007f79f00a1c10 Unloading class 0x0000000800d06000 'java/lang/invoke/LambdaForm$MH+0x0000000800d06000'
Event: 53.710 Thread 0x00007f79f00a1c10 Unloading class 0x0000000800d05c00 'java/lang/invoke/LambdaForm$MH+0x0000000800d05c00'
Event: 53.710 Thread 0x00007f79f00a1c10 Unloading class 0x0000000800d05400 'java/lang/invoke/LambdaForm$MH+0x0000000800d05400'
Event: 53.710 Thread 0x00007f79f00a1c10 Unloading class 0x0000000800d05000 'java/lang/invoke/LambdaForm$MH+0x0000000800d05000'
Event: 53.710 Thread 0x00007f79f00a1c10 Unloading class 0x0000000800d04800 'java/lang/invoke/LambdaForm$MH+0x0000000800d04800'
Event: 53.710 Thread 0x00007f79f00a1c10 Unloading class 0x0000000800d04000 'java/lang/invoke/LambdaForm$MH+0x0000000800d04000'
Event: 53.710 Thread 0x00007f79f00a1c10 Unloading class 0x0000000800c1d000 'jdk/internal/reflect/GeneratedMethodAccessor5'
Event: 53.710 Thread 0x00007f79f00a1c10 Unloading class 0x0000000800c1cc00 'jdk/internal/reflect/GeneratedMethodAccessor4'
Event: 53.710 Thread 0x00007f79f00a1c10 Unloading class 0x0000000800c1c800 'jdk/internal/reflect/GeneratedMethodAccessor3'
Event: 53.710 Thread 0x00007f79f00a1c10 Unloading class 0x0000000800c1c400 'jdk/internal/reflect/GeneratedMethodAccessor2'
Event: 53.711 Thread 0x00007f79f00a1c10 Unloading class 0x0000000800c1c000 'jdk/internal/reflect/GeneratedMethodAccessor1'
Event: 53.711 Thread 0x00007f79f00a1c10 Unloading class 0x0000000800c01c00 'java/lang/invoke/LambdaForm$DMH+0x0000000800c01c00'

Classes redefined (0 events):
No events

Internal exceptions (20 events):
Event: 26.909 Thread 0x00007f797c165210 Exception <a 'java/lang/NoSuchMethodError'{0x00000000f5dc3658}: 'int java.lang.invoke.DirectMethodHandle$Holder.invokeSpecialIFC(java.lang.Object, java.lang.Object, java.lang.Object, java.lang.Object)'> (0x00000000f5dc3658) 
thrown [src/hotspot/share/interpreter/linkResolver.cpp, line 758]
Event: 27.800 Thread 0x00007f79f04df870 Exception <a 'java/lang/NoSuchMethodError'{0x00000000f5759e68}: 'java.lang.Object java.lang.invoke.DirectMethodHandle$Holder.invokeStatic(java.lang.Object, java.lang.Object, int, java.lang.Object)'> (0x00000000f5759e68) 
thrown [src/hotspot/share/interpreter/linkResolver.cpp, line 758]
Event: 27.802 Thread 0x00007f79f04df870 Exception <a 'java/lang/NoSuchMethodError'{0x00000000f57c4f90}: 'java.lang.Object java.lang.invoke.DirectMethodHandle$Holder.newInvokeSpecial(java.lang.Object, java.lang.Object, int)'> (0x00000000f57c4f90) 
thrown [src/hotspot/share/interpreter/linkResolver.cpp, line 758]
Event: 32.788 Thread 0x00007f79844a9e50 Implicit null exception at 0x00007f79df149ff2 to 0x00007f79df14e0ee
Event: 34.305 Thread 0x00007f79844a9e50 Implicit null exception at 0x00007f79df1545b5 to 0x00007f79df154ae1
Event: 41.293 Thread 0x00007f797c163820 Exception <a 'java/lang/ArrayIndexOutOfBoundsException'{0x00000000f6aa0590}: Index 39 out of bounds for length 39> (0x00000000f6aa0590) 
thrown [src/hotspot/share/interpreter/interpreterRuntime.cpp, line 428]
Event: 41.490 Thread 0x00007f797c163820 Exception <a 'java/lang/ArrayIndexOutOfBoundsException'{0x00000000f6bce6f0}: Index 39 out of bounds for length 39> (0x00000000f6bce6f0) 
thrown [src/hotspot/share/interpreter/interpreterRuntime.cpp, line 428]
Event: 41.587 Thread 0x00007f797c163820 Exception <a 'java/lang/ArrayIndexOutOfBoundsException'{0x00000000f71d7f18}: Index 39 out of bounds for length 39> (0x00000000f71d7f18) 
thrown [src/hotspot/share/interpreter/interpreterRuntime.cpp, line 428]
Event: 198.188 Thread 0x00007f7984873cc0 Exception <a 'java/lang/OutOfMemoryError'{0x00000000e0004e50}> (0x00000000e0004e50) 
thrown [src/hotspot/share/gc/shared/memAllocator.cpp, line 138]
Event: 198.188 Thread 0x00007f7984873cc0 Implicit null exception at 0x00007f79df13e4d1 to 0x00007f79df13e666
Event: 207.633 Thread 0x00007f79844a9e50 Exception <a 'java/lang/OutOfMemoryError'{0x00000000e00048b0}> (0x00000000e00048b0) 
thrown [src/hotspot/share/gc/shared/memAllocator.cpp, line 138]
Event: 207.633 Thread 0x00007f79844a9e50 Implicit null exception at 0x00007f79df1a3e6d to 0x00007f79df1a3ef9
Event: 225.403 Thread 0x00007f7984873cc0 Exception <a 'java/lang/OutOfMemoryError'{0x00000000e0004310}> (0x00000000e0004310) 
thrown [src/hotspot/share/gc/shared/memAllocator.cpp, line 138]
Event: 225.403 Thread 0x00007f7984873cc0 Implicit null exception at 0x00007f79df1b5358 to 0x00007f79df1b593a
Event: 227.907 Thread 0x00007f797c0785c0 Exception <a 'java/lang/OutOfMemoryError'{0x00000000e0004310}> (0x00000000e0004310) 
thrown [src/hotspot/share/gc/shared/memAllocator.cpp, line 138]
Event: 227.907 Thread 0x00007f797c0785c0 Implicit null exception at 0x00007f79defb192f to 0x00007f79defb19f9
Event: 229.526 Thread 0x00007f79f037bd00 Exception <a 'java/lang/OutOfMemoryError'{0x00000000e0004630}> (0x00000000e0004630) 
thrown [src/hotspot/share/gc/shared/memAllocator.cpp, line 136]
Event: 231.289 Thread 0x00007f797c0785c0 Exception <a 'java/lang/OutOfMemoryError'{0x00000000e0004310}> (0x00000000e0004310) 
thrown [src/hotspot/share/gc/shared/memAllocator.cpp, line 138]
Event: 231.289 Thread 0x00007f797c0785c0 Implicit null exception at 0x00007f79defa6eeb to 0x00007f79defa6f7d
Event: 238.100 Thread 0x00007f79f00b21d0 Exception <a 'java/lang/OutOfMemoryError'{0x00000000e0004630}> (0x00000000e0004630) 
thrown [src/hotspot/share/gc/shared/memAllocator.cpp, line 136]

VM Operations (20 events):
Event: 227.907 Executing VM operation: ParallelGCFailedAllocation done
Event: 227.907 Executing VM operation: ParallelGCFailedAllocation
Event: 229.526 Executing VM operation: ParallelGCFailedAllocation done
Event: 229.526 Executing VM operation: ParallelGCFailedAllocation
Event: 231.289 Executing VM operation: ParallelGCFailedAllocation done
Event: 231.289 Executing VM operation: ParallelGCFailedAllocation
Event: 232.113 Executing VM operation: ParallelGCFailedAllocation done
Event: 232.113 Executing VM operation: ParallelGCFailedAllocation
Event: 232.928 Executing VM operation: ParallelGCFailedAllocation done
Event: 232.928 Executing VM operation: ParallelGCFailedAllocation
Event: 233.802 Executing VM operation: ParallelGCFailedAllocation done
Event: 233.802 Executing VM operation: ParallelGCFailedAllocation
Event: 234.693 Executing VM operation: ParallelGCFailedAllocation done
Event: 234.693 Executing VM operation: ParallelGCFailedAllocation
Event: 235.511 Executing VM operation: ParallelGCFailedAllocation done
Event: 235.511 Executing VM operation: ParallelGCFailedAllocation
Event: 236.386 Executing VM operation: ParallelGCFailedAllocation done
Event: 236.386 Executing VM operation: ParallelGCFailedAllocation
Event: 238.100 Executing VM operation: ParallelGCFailedAllocation done
Event: 238.100 Executing VM operation: ParallelGCFailedAllocation

Events (20 events):
Event: 51.285 Thread 0x00007f797c16b270 Thread added: 0x00007f797c16b270
Event: 51.287 Thread 0x00007f797c07ec90 Thread added: 0x00007f797c07ec90
Event: 51.287 Protecting memory [0x00007f799b300000,0x00007f799b304000] with protection modes 0
Event: 51.288 Protecting memory [0x00007f799b500000,0x00007f799b504000] with protection modes 0
Event: 51.289 Thread 0x00007f797c07f340 Thread added: 0x00007f797c07f340
Event: 51.289 Protecting memory [0x00007f79d4400000,0x00007f79d4404000] with protection modes 0
Event: 54.298 Thread 0x00007f797c0785c0 Thread added: 0x00007f797c0785c0
Event: 54.299 Protecting memory [0x00007f799b700000,0x00007f799b704000] with protection modes 0
Event: 55.389 Thread 0x00007f797c079e50 Thread added: 0x00007f797c079e50
Event: 55.390 Protecting memory [0x00007f799b200000,0x00007f799b204000] with protection modes 0
Event: 55.391 Thread 0x00007f797c079e50 Thread exited: 0x00007f797c079e50
Event: 55.399 Thread 0x00007f797c079e50 Thread added: 0x00007f797c079e50
Event: 55.399 Protecting memory [0x00007f799b200000,0x00007f799b204000] with protection modes 0
Event: 56.489 Thread 0x00007f797c079e50 Thread exited: 0x00007f797c079e50
Event: 61.530 Thread 0x00007f79f026f4c0 Thread exited: 0x00007f79f026f4c0
Event: 67.332 Thread 0x00007f797c07ec90 Thread exited: 0x00007f797c07ec90
Event: 118.727 Thread 0x00007f797834db70 Thread exited: 0x00007f797834db70
Event: 127.612 Thread 0x00007f79780010d0 Thread exited: 0x00007f79780010d0
Event: 127.612 Thread 0x000055892cbd1910 Thread exited: 0x000055892cbd1910
Event: 131.300 Thread 0x00007f798432db40 Thread exited: 0x00007f798432db40


Dynamic libraries:
e0000000-f5580000 rw-p 00000000 00:00 0 
f5580000-f8600000 rw-p 00000000 00:00 0 
f8600000-100000000 ---p 00000000 00:00 0 
800000000-800449000 rw-p 00001000 00:f08 4611686019135357769             /nix/store/gpxl5qgg8kicmcvivwmybwjlpf7wh20l-graalvm17-ce-22.3.0/lib/server/classes.jsa
800449000-800bc8000 r--p 0044a000 00:f08 4611686019135357769             /nix/store/gpxl5qgg8kicmcvivwmybwjlpf7wh20l-graalvm17-ce-22.3.0/lib/server/classes.jsa
800bc8000-800c00000 ---p 00000000 00:00 0 
800c00000-800c20000 rw-p 00000000 00:00 0 
800c20000-800c40000 rw-p 00000000 00:00 0 
800c40000-800cc0000 rw-p 00000000 00:00 0 
800cc0000-800d00000 rw-p 00000000 00:00 0 
800d00000-800dc0000 rw-p 00000000 00:00 0 
800dc0000-800e00000 rw-p 00000000 00:00 0 
800e00000-800f40000 rw-p 00000000 00:00 0 
800f40000-800fc0000 rw-p 00000000 00:00 0 
800fc0000-800ff0000 rw-p 00000000 00:00 0 
800ff0000-801000000 ---p 00000000 00:00 0 
801000000-8011d0000 rw-p 00000000 00:00 0 
8011d0000-840c00000 ---p 00000000 00:00 0 
55892bb9d000-55892bb9e000 r-xp 00000000 00:f08 4611686019099417844       /nix/store/gpxl5qgg8kicmcvivwmybwjlpf7wh20l-graalvm17-ce-22.3.0/bin/.java-wrapped
55892bb9f000-55892bba0000 r--p 00001000 00:f08 4611686019099417844       /nix/store/gpxl5qgg8kicmcvivwmybwjlpf7wh20l-graalvm17-ce-22.3.0/bin/.java-wrapped
55892bba0000-55892bba1000 rw-p 00002000 00:f08 4611686019099417844       /nix/store/gpxl5qgg8kicmcvivwmybwjlpf7wh20l-graalvm17-ce-22.3.0/bin/.java-wrapped
55892bba1000-55892bba2000 rw-p 00004000 00:f08 4611686019099417844       /nix/store/gpxl5qgg8kicmcvivwmybwjlpf7wh20l-graalvm17-ce-22.3.0/bin/.java-wrapped
55892bba2000-55892bba3000 rw-p 00005000 00:f08 4611686019099417844       /nix/store/gpxl5qgg8kicmcvivwmybwjlpf7wh20l-graalvm17-ce-22.3.0/bin/.java-wrapped
55892cba9000-55892cc78000 rw-p 00000000 00:00 0                          [heap]
7f7966c00000-7f7966d30000 rw-p 00000000 00:00 0 
7f7966d30000-7f7967400000 ---p 00000000 00:00 0 
7f7968c00000-7f7968d00000 rw-p 00000000 00:00 0 
7f7968d00000-7f7969400000 rw-p 00000000 00:00 0 
7f79694b3000-7f7973000000 r--s 00000000 00:f08 4611686019135192581       /nix/store/gpxl5qgg8kicmcvivwmybwjlpf7wh20l-graalvm17-ce-22.3.0/lib/modules
7f7973000000-7f7973500000 rw-p 00000000 00:00 0 
7f7973500000-7f79735e0000 rw-p 00000000 00:00 0 
7f79735e0000-7f7973600000 ---p 00000000 00:00 0 
7f7973600000-7f7973800000 rw-p 00000000 00:00 0 
7f7973800000-7f79738c0000 rw-p 00000000 00:00 0 
7f79738c0000-7f7973900000 rw-p 00000000 00:00 0 
7f7973900000-7f7973b00000 rw-p 00000000 00:00 0 
7f7973b00000-7f7973d00000 rw-p 00000000 00:00 0 
7f7973d00000-7f7973e00000 rw-p 00000000 00:00 0 
7f7973e00000-7f7974000000 rw-p 00000000 00:00 0 
7f7974000000-7f7974021000 rw-p 00000000 00:00 0 
7f7974021000-7f7978000000 ---p 00000000 00:00 0 
7f7978000000-7f79783b3000 rw-p 00000000 00:00 0 
7f79783b3000-7f797c000000 ---p 00000000 00:00 0 
7f797c000000-7f797c18c000 rw-p 00000000 00:00 0 
7f797c18c000-7f7980000000 ---p 00000000 00:00 0 
7f7980000000-7f798002d000 rw-p 00000000 00:00 0 
7f798002d000-7f7984000000 ---p 00000000 00:00 0 
7f7984000000-7f7984903000 rw-p 00000000 00:00 0 
7f7984903000-7f7988000000 ---p 00000000 00:00 0 
7f7988000000-7f7988142000 rw-p 00000000 00:00 0 
7f7988142000-7f798c000000 ---p 00000000 00:00 0 
7f798c000000-7f798c021000 rw-p 00000000 00:00 0 
7f798c021000-7f7990000000 ---p 00000000 00:00 0 
7f7990000000-7f79900f6000 rw-p 00000000 00:00 0 
7f79900f6000-7f7994000000 ---p 00000000 00:00 0 
7f7994000000-7f7994021000 rw-p 00000000 00:00 0 
7f7994021000-7f7998000000 ---p 00000000 00:00 0 
7f7998000000-7f7998100000 rw-p 00000000 00:00 0 
7f7998100000-7f7998200000 rw-p 00000000 00:00 0 
7f7998200000-7f7998700000 rw-p 00000000 00:00 0 
7f7998700000-7f7998800000 rw-p 00000000 00:00 0 
7f7998800000-7f7998900000 rw-p 00000000 00:00 0 
7f7998900000-7f7998a00000 rw-p 00000000 00:00 0 
7f7998a00000-7f7998d80000 rw-p 00000000 00:00 0 
7f7998d80000-7f7998e00000 rw-p 00000000 00:00 0 
7f7998e00000-7f7998fc0000 rw-p 00000000 00:00 0 
7f7998fc0000-7f7999000000 rw-p 00000000 00:00 0 
7f7999000000-7f7999010000 r-xp 00000000 00:ef2 353                       /home/runner/.cache/jdt-language-server/config/org.eclipse.equinox.launcher/org.eclipse.equinox.launcher.gtk.linux.x86_64_1.2.400.v20211117-0650/eclipse_11600.so
7f7999010000-7f799920f000 ---p 00010000 00:ef2 353                       /home/runner/.cache/jdt-language-server/config/org.eclipse.equinox.launcher/org.eclipse.equinox.launcher.gtk.linux.x86_64_1.2.400.v20211117-0650/eclipse_11600.so
7f799920f000-7f7999210000 r--p 0000f000 00:ef2 353                       /home/runner/.cache/jdt-language-server/config/org.eclipse.equinox.launcher/org.eclipse.equinox.launcher.gtk.linux.x86_64_1.2.400.v20211117-0650/eclipse_11600.so
7f7999210000-7f7999211000 rw-p 00010000 00:ef2 353                       /home/runner/.cache/jdt-language-server/config/org.eclipse.equinox.launcher/org.eclipse.equinox.launcher.gtk.linux.x86_64_1.2.400.v20211117-0650/eclipse_11600.so
7f799a000000-7f799a100000 ---p 00000000 00:00 0 
7f799a100000-7f799a6af000 r--p 01122000 00:f08 4611686019135190040       /nix/store/gpxl5qgg8kicmcvivwmybwjlpf7wh20l-graalvm17-ce-22.3.0/lib/libjvmcicompiler.so
7f799a6af000-7f799a800000 r--p 00000000 00:00 0 
7f799a800000-7f799a83d000 rw-p 00000000 00:00 0 
7f799a83d000-7f799ad5d000 rw-p 0185f000 00:f08 4611686019135190040       /nix/store/gpxl5qgg8kicmcvivwmybwjlpf7wh20l-graalvm17-ce-22.3.0/lib/libjvmcicompiler.so
7f799ad5d000-7f799b144000 r--p 01d7f000 00:f08 4611686019135190040       /nix/store/gpxl5qgg8kicmcvivwmybwjlpf7wh20l-graalvm17-ce-22.3.0/lib/libjvmcicompiler.so
7f799b200000-7f799b204000 ---p 00000000 00:00 0 
7f799b204000-7f799b300000 rw-p 00000000 00:00 0 
7f799b300000-7f799b304000 ---p 00000000 00:00 0 
7f799b304000-7f799b400000 rw-p 00000000 00:00 0 
7f799b500000-7f799b504000 ---p 00000000 00:00 0 
7f799b504000-7f799b600000 rw-p 00000000 00:00 0 
7f799b700000-7f799b704000 ---p 00000000 00:00 0 
7f799b704000-7f799b800000 rw-p 00000000 00:00 0 
7f799b900000-7f799b904000 ---p 00000000 00:00 0 
7f799b904000-7f799ba00000 rw-p 00000000 00:00 0 
7f799bb00000-7f799bb04000 ---p 00000000 00:00 0 
7f799bb04000-7f799bc00000 rw-p 00000000 00:00 0 
7f799bd00000-7f799bd04000 ---p 00000000 00:00 0 
7f799bd04000-7f799be00000 rw-p 00000000 00:00 0 
7f799bf00000-7f799bf04000 ---p 00000000 00:00 0 
7f799bf04000-7f799c000000 rw-p 00000000 00:00 0 
7f799c000000-7f799c004000 ---p 00000000 00:00 0 
7f799c004000-7f799c100000 rw-p 00000000 00:00 0 
7f799c100000-7f799c104000 ---p 00000000 00:00 0 
7f799c104000-7f799c200000 rw-p 00000000 00:00 0 
7f799c300000-7f799c304000 ---p 00000000 00:00 0 
7f799c304000-7f799c400000 rw-p 00000000 00:00 0 
7f799c500000-7f799c504000 ---p 00000000 00:00 0 
7f799c504000-7f799c600000 rw-p 00000000 00:00 0 
7f799c700000-7f799c704000 ---p 00000000 00:00 0 
7f799c704000-7f799c800000 rw-p 00000000 00:00 0 
7f799c900000-7f799c904000 ---p 00000000 00:00 0 
7f799c904000-7f799ca00000 rw-p 00000000 00:00 0 
7f799d668000-7f799db00000 rw-p 00000000 00:00 0 
7f799dc00000-7f799fd6a000 r-xp 00000000 00:f08 4611686019135190040       /nix/store/gpxl5qgg8kicmcvivwmybwjlpf7wh20l-graalvm17-ce-22.3.0/lib/libjvmcicompiler.so
7f799fd6a000-7f799ff69000 ---p 0216a000 00:f08 4611686019135190040       /nix/store/gpxl5qgg8kicmcvivwmybwjlpf7wh20l-graalvm17-ce-22.3.0/lib/libjvmcicompiler.so
7f799ff69000-7f799ff6a000 r--p 02169000 00:f08 4611686019135190040       /nix/store/gpxl5qgg8kicmcvivwmybwjlpf7wh20l-graalvm17-ce-22.3.0/lib/libjvmcicompiler.so
7f799ff6a000-7f799ff6c000 rw-p 0216a000 00:f08 4611686019135190040       /nix/store/gpxl5qgg8kicmcvivwmybwjlpf7wh20l-graalvm17-ce-22.3.0/lib/libjvmcicompiler.so
7f799ff6c000-7f799ff6d000 rw-p 00000000 00:00 0 
7f799ff6d000-7f799ff72000 rw-p 023c3000 00:f08 4611686019135190040       /nix/store/gpxl5qgg8kicmcvivwmybwjlpf7wh20l-graalvm17-ce-22.3.0/lib/libjvmcicompiler.so
7f79a0000000-7f79a0021000 rw-p 00000000 00:00 0 
7f79a0021000-7f79a4000000 ---p 00000000 00:00 0 
7f79a4000000-7f79a4046000 rw-p 00000000 00:00 0 
7f79a4046000-7f79a8000000 ---p 00000000 00:00 0 
7f79a8000000-7f79a8021000 rw-p 00000000 00:00 0 
7f79a8021000-7f79ac000000 ---p 00000000 00:00 0 
7f79ac000000-7f79ac021000 rw-p 00000000 00:00 0 
7f79ac021000-7f79b0000000 ---p 00000000 00:00 0 
7f79b0000000-7f79b0115000 rw-p 00000000 00:00 0 
7f79b0115000-7f79b4000000 ---p 00000000 00:00 0 
7f79b4000000-7f79b4bad000 rw-p 00000000 00:00 0 
7f79b4bad000-7f79b8000000 ---p 00000000 00:00 0 
7f79b8000000-7f79b80f5000 rw-p 00000000 00:00 0 
7f79b80f5000-7f79bc000000 ---p 00000000 00:00 0 
7f79bc000000-7f79bc076000 rw-p 00000000 00:00 0 
7f79bc076000-7f79c0000000 ---p 00000000 00:00 0 
7f79c0000000-7f79c0021000 rw-p 00000000 00:00 0 
7f79c0021000-7f79c4000000 ---p 00000000 00:00 0 
7f79c4000000-7f79c4059000 rw-p 00000000 00:00 0 
7f79c4059000-7f79c8000000 ---p 00000000 00:00 0 
7f79c8000000-7f79c8021000 rw-p 00000000 00:00 0 
7f79c8021000-7f79cc000000 ---p 00000000 00:00 0 
7f79cc000000-7f79cc021000 rw-p 00000000 00:00 0 
7f79cc021000-7f79d0000000 ---p 00000000 00:00 0 
7f79d0000000-7f79d011c000 rw-p 00000000 00:00 0 
7f79d011c000-7f79d4004000 ---p 00000000 00:00 0 
7f79d4004000-7f79d4100000 rw-p 00000000 00:00 0 
7f79d4200000-7f79d4204000 ---p 00000000 00:00 0 
7f79d4204000-7f79d4300000 rw-p 00000000 00:00 0 
7f79d4400000-7f79d4404000 ---p 00000000 00:00 0 
7f79d4404000-7f79d4500000 rw-p 00000000 00:00 0 
7f79d4600000-7f79d4604000 ---p 00000000 00:00 0 
7f79d4604000-7f79d4700000 rw-p 00000000 00:00 0 
7f79d4800000-7f79d4804000 ---p 00000000 00:00 0 
7f79d4804000-7f79d4900000 rw-p 00000000 00:00 0 
7f79d4a00000-7f79d4a04000 ---p 00000000 00:00 0 
7f79d4a04000-7f79d4b00000 rw-p 00000000 00:00 0 
7f79d4c00000-7f79d4c04000 ---p 00000000 00:00 0 
7f79d4c04000-7f79d4d00000 rw-p 00000000 00:00 0 
7f79d4e00000-7f79d4e04000 ---p 00000000 00:00 0 
7f79d4e04000-7f79d4f00000 rw-p 00000000 00:00 0 
7f79d5018000-7f79d5019000 ---p 00000000 00:00 0 
7f79d5019000-7f79d511a000 rw-p 00000000 00:00 0 
7f79d511a000-7f79d511e000 ---p 00000000 00:00 0 
7f79d511e000-7f79d521a000 rw-p 00000000 00:00 0 
7f79d521a000-7f79d521e000 ---p 00000000 00:00 0 
7f79d521e000-7f79d531a000 rw-p 00000000 00:00 0 
7f79d531a000-7f79d531e000 ---p 00000000 00:00 0 
7f79d531e000-7f79d541a000 rw-p 00000000 00:00 0 
7f79d541a000-7f79d541e000 ---p 00000000 00:00 0 
7f79d541e000-7f79d561a000 rw-p 00000000 00:00 0 
7f79d561a000-7f79d561e000 ---p 00000000 00:00 0 
7f79d561e000-7f79d581a000 rw-p 00000000 00:00 0 
7f79d581a000-7f79d581e000 ---p 00000000 00:00 0 
7f79d581e000-7f79d591a000 rw-p 00000000 00:00 0 
7f79d591a000-7f79d5c00000 r--p 00000000 00:a87 28444448                  /usr/lib/locale/locale-archive
7f79d5c00000-7f79d6000000 rw-p 00000000 00:00 0 
7f79d6000000-7f79d6300000 rw-p 00000000 00:00 0 
7f79d6300000-7f79d6400000 rw-p 00000000 00:00 0 
7f79d6471000-7f79d6473000 r-xp 00000000 00:f08 4611686019135190017       /nix/store/gpxl5qgg8kicmcvivwmybwjlpf7wh20l-graalvm17-ce-22.3.0/lib/libextnet.so
7f79d6473000-7f79d6474000 r--p 00001000 00:f08 4611686019135190017       /nix/store/gpxl5qgg8kicmcvivwmybwjlpf7wh20l-graalvm17-ce-22.3.0/lib/libextnet.so
7f79d6474000-7f79d6475000 rw-p 00002000 00:f08 4611686019135190017       /nix/store/gpxl5qgg8kicmcvivwmybwjlpf7wh20l-graalvm17-ce-22.3.0/lib/libextnet.so
7f79d6475000-7f79d6476000 rw-p 00004000 00:f08 4611686019135190017       /nix/store/gpxl5qgg8kicmcvivwmybwjlpf7wh20l-graalvm17-ce-22.3.0/lib/libextnet.so
7f79d6476000-7f79d647a000 ---p 00000000 00:00 0 
7f79d647a000-7f79d6498000 rw-p 00000000 00:00 0 
7f79d6498000-7f79d64ad000 r-xp 00000000 00:f08 4611686019135192570       /nix/store/gpxl5qgg8kicmcvivwmybwjlpf7wh20l-graalvm17-ce-22.3.0/lib/libnet.so
7f79d64ad000-7f79d64ae000 ---p 00015000 00:f08 4611686019135192570       /nix/store/gpxl5qgg8kicmcvivwmybwjlpf7wh20l-graalvm17-ce-22.3.0/lib/libnet.so
7f79d64ae000-7f79d64af000 r--p 00015000 00:f08 4611686019135192570       /nix/store/gpxl5qgg8kicmcvivwmybwjlpf7wh20l-graalvm17-ce-22.3.0/lib/libnet.so
7f79d64af000-7f79d64b0000 rw-p 00016000 00:f08 4611686019135192570       /nix/store/gpxl5qgg8kicmcvivwmybwjlpf7wh20l-graalvm17-ce-22.3.0/lib/libnet.so
7f79d64b0000-7f79d64b3000 rw-p 0001b000 00:f08 4611686019135192570       /nix/store/gpxl5qgg8kicmcvivwmybwjlpf7wh20l-graalvm17-ce-22.3.0/lib/libnet.so
7f79d64b3000-7f79d74b3000 rw-p 00000000 00:00 0 
7f79d74b3000-7f79d7723000 rwxp 00000000 00:00 0 
7f79d7723000-7f79d7a42000 ---p 00000000 00:00 0 
7f79d7a42000-7f79d88a2000 rwxp 00000000 00:00 0 
7f79d88a2000-7f79def7a000 ---p 00000000 00:00 0 
7f79def7a000-7f79df1ea000 rwxp 00000000 00:00 0 
7f79df1ea000-7f79e64b3000 ---p 00000000 00:00 0 
7f79e64b3000-7f79f0000000 r--s 00000000 00:f08 4611686019135192581       /nix/store/gpxl5qgg8kicmcvivwmybwjlpf7wh20l-graalvm17-ce-22.3.0/lib/modules
7f79f0000000-7f79f067a000 rw-p 00000000 00:00 0 
7f79f067a000-7f79f4000000 ---p 00000000 00:00 0 
7f79f4003000-7f79f400a000 r-xp 00000000 00:f08 4611686019135192580       /nix/store/gpxl5qgg8kicmcvivwmybwjlpf7wh20l-graalvm17-ce-22.3.0/lib/libzip.so
7f79f400a000-7f79f400b000 ---p 00007000 00:f08 4611686019135192580       /nix/store/gpxl5qgg8kicmcvivwmybwjlpf7wh20l-graalvm17-ce-22.3.0/lib/libzip.so
7f79f400b000-7f79f400c000 r--p 00007000 00:f08 4611686019135192580       /nix/store/gpxl5qgg8kicmcvivwmybwjlpf7wh20l-graalvm17-ce-22.3.0/lib/libzip.so
7f79f400c000-7f79f400d000 rw-p 00008000 00:f08 4611686019135192580       /nix/store/gpxl5qgg8kicmcvivwmybwjlpf7wh20l-graalvm17-ce-22.3.0/lib/libzip.so
7f79f400d000-7f79f400f000 rw-p 0000b000 00:f08 4611686019135192580       /nix/store/gpxl5qgg8kicmcvivwmybwjlpf7wh20l-graalvm17-ce-22.3.0/lib/libzip.so
7f79f400f000-7f79f4022000 r-xp 00000000 00:f08 4611686019135192571       /nix/store/gpxl5qgg8kicmcvivwmybwjlpf7wh20l-graalvm17-ce-22.3.0/lib/libnio.so
7f79f4022000-7f79f4023000 r--p 00012000 00:f08 4611686019135192571       /nix/store/gpxl5qgg8kicmcvivwmybwjlpf7wh20l-graalvm17-ce-22.3.0/lib/libnio.so
7f79f4023000-7f79f4024000 rw-p 00013000 00:f08 4611686019135192571       /nix/store/gpxl5qgg8kicmcvivwmybwjlpf7wh20l-graalvm17-ce-22.3.0/lib/libnio.so
7f79f4024000-7f79f4029000 rw-p 00019000 00:f08 4611686019135192571       /nix/store/gpxl5qgg8kicmcvivwmybwjlpf7wh20l-graalvm17-ce-22.3.0/lib/libnio.so
7f79f4029000-7f79f402d000 ---p 00000000 00:00 0 
7f79f402d000-7f79f4129000 rw-p 00000000 00:00 0 
7f79f4129000-7f79f412d000 ---p 00000000 00:00 0 
7f79f412d000-7f79f4229000 rw-p 00000000 00:00 0 
7f79f4229000-7f79f422d000 ---p 00000000 00:00 0 
7f79f422d000-7f79f4329000 rw-p 00000000 00:00 0 
7f79f4329000-7f79f432d000 ---p 00000000 00:00 0 
7f79f432d000-7f79f4429000 rw-p 00000000 00:00 0 
7f79f4429000-7f79f442a000 ---p 00000000 00:00 0 
7f79f442a000-7f79f452b000 rw-p 00000000 00:00 0 
7f79f452b000-7f79f45f9000 r-xp 00000000 00:f08 4611686019135190036       /nix/store/gpxl5qgg8kicmcvivwmybwjlpf7wh20l-graalvm17-ce-22.3.0/lib/libjsvml.so
7f79f45f9000-7f79f45fa000 r--p 000cd000 00:f08 4611686019135190036       /nix/store/gpxl5qgg8kicmcvivwmybwjlpf7wh20l-graalvm17-ce-22.3.0/lib/libjsvml.so
7f79f45fa000-7f79f45fb000 rw-p 000ce000 00:f08 4611686019135190036       /nix/store/gpxl5qgg8kicmcvivwmybwjlpf7wh20l-graalvm17-ce-22.3.0/lib/libjsvml.so
7f79f45fb000-7f79f4ed3000 rw-p 00000000 00:00 0 
7f79f4ed3000-7f79f4ed4000 ---p 00000000 00:00 0 
7f79f4ed4000-7f79f507f000 rw-p 00000000 00:00 0 
7f79f507f000-7f79f5098000 rw-p 00000000 00:00 0 
7f79f5098000-7f79f50d5000 ---p 00000000 00:00 0 
7f79f50d5000-7f79f50db000 rw-p 00000000 00:00 0 
7f79f50db000-7f79f51c1000 ---p 00000000 00:00 0 
7f79f51c1000-7f79f51de000 rw-p 00000000 00:00 0 
7f79f51de000-7f79f52ac000 ---p 00000000 00:00 0 
7f79f52ac000-7f79f52b1000 rw-p 00000000 00:00 0 
7f79f52b1000-7f79f52b8000 ---p 00000000 00:00 0 
7f79f52b8000-7f79f52dc000 r-xp 00000000 00:f08 4611686019135190028       /nix/store/gpxl5qgg8kicmcvivwmybwjlpf7wh20l-graalvm17-ce-22.3.0/lib/libjava.so
7f79f52dc000-7f79f52dd000 ---p 00024000 00:f08 4611686019135190028       /nix/store/gpxl5qgg8kicmcvivwmybwjlpf7wh20l-graalvm17-ce-22.3.0/lib/libjava.so
7f79f52dd000-7f79f52de000 r--p 00024000 00:f08 4611686019135190028       /nix/store/gpxl5qgg8kicmcvivwmybwjlpf7wh20l-graalvm17-ce-22.3.0/lib/libjava.so
7f79f52de000-7f79f52df000 rw-p 00025000 00:f08 4611686019135190028       /nix/store/gpxl5qgg8kicmcvivwmybwjlpf7wh20l-graalvm17-ce-22.3.0/lib/libjava.so
7f79f52df000-7f79f52e0000 rw-p 00000000 00:00 0 
7f79f52e0000-7f79f52e7000 rw-p 0002f000 00:f08 4611686019135190028       /nix/store/gpxl5qgg8kicmcvivwmybwjlpf7wh20l-graalvm17-ce-22.3.0/lib/libjava.so
7f79f52e7000-7f79f52ef000 rw-s 00000000 00:e8 350                        /tmp/hsperfdata_runner/30
7f79f52ef000-7f79f52f0000 ---p 00000000 00:00 0 
7f79f52f0000-7f79f52f1000 r--p 00000000 00:00 0 
7f79f52f1000-7f79f52f2000 rwxp 00000000 00:00 0 
7f79f52f2000-7f79f530d000 r-xp 00000000 00:f08 4611686019135190032       /nix/store/gpxl5qgg8kicmcvivwmybwjlpf7wh20l-graalvm17-ce-22.3.0/lib/libjimage.so
7f79f530d000-7f79f530e000 ---p 0001b000 00:f08 4611686019135190032       /nix/store/gpxl5qgg8kicmcvivwmybwjlpf7wh20l-graalvm17-ce-22.3.0/lib/libjimage.so
7f79f530e000-7f79f5310000 r--p 0001b000 00:f08 4611686019135190032       /nix/store/gpxl5qgg8kicmcvivwmybwjlpf7wh20l-graalvm17-ce-22.3.0/lib/libjimage.so
7f79f5310000-7f79f5311000 rw-p 0001d000 00:f08 4611686019135190032       /nix/store/gpxl5qgg8kicmcvivwmybwjlpf7wh20l-graalvm17-ce-22.3.0/lib/libjimage.so
7f79f5311000-7f79f5312000 rw-p 00024000 00:f08 4611686019135190032       /nix/store/gpxl5qgg8kicmcvivwmybwjlpf7wh20l-graalvm17-ce-22.3.0/lib/libjimage.so
7f79f5312000-7f79f5316000 ---p 00000000 00:00 0 
7f79f5316000-7f79f5412000 rw-p 00000000 00:00 0 
7f79f5412000-7f79f5420000 r--p 00000000 00:f08 4611686019027979927       /nix/store/4nlgxhb09sdr51nc9hdm8az5b08vzkgx-glibc-2.35-163/lib/libm.so.6
7f79f5420000-7f79f5493000 r-xp 0000e000 00:f08 4611686019027979927       /nix/store/4nlgxhb09sdr51nc9hdm8az5b08vzkgx-glibc-2.35-163/lib/libm.so.6
7f79f5493000-7f79f54f0000 r--p 00081000 00:f08 4611686019027979927       /nix/store/4nlgxhb09sdr51nc9hdm8az5b08vzkgx-glibc-2.35-163/lib/libm.so.6
7f79f54f0000-7f79f54f1000 r--p 000dd000 00:f08 4611686019027979927       /nix/store/4nlgxhb09sdr51nc9hdm8az5b08vzkgx-glibc-2.35-163/lib/libm.so.6
7f79f54f1000-7f79f54f2000 rw-p 000de000 00:f08 4611686019027979927       /nix/store/4nlgxhb09sdr51nc9hdm8az5b08vzkgx-glibc-2.35-163/lib/libm.so.6
7f79f54f2000-7f79f54f3000 r--p 00000000 00:f08 4611686019027979946       /nix/store/4nlgxhb09sdr51nc9hdm8az5b08vzkgx-glibc-2.35-163/lib/librt.so.1
7f79f54f3000-7f79f54f4000 r-xp 00001000 00:f08 4611686019027979946       /nix/store/4nlgxhb09sdr51nc9hdm8az5b08vzkgx-glibc-2.35-163/lib/librt.so.1
7f79f54f4000-7f79f54f5000 r--p 00002000 00:f08 4611686019027979946       /nix/store/4nlgxhb09sdr51nc9hdm8az5b08vzkgx-glibc-2.35-163/lib/librt.so.1
7f79f54f5000-7f79f54f6000 r--p 00002000 00:f08 4611686019027979946       /nix/store/4nlgxhb09sdr51nc9hdm8az5b08vzkgx-glibc-2.35-163/lib/librt.so.1
7f79f54f6000-7f79f54f7000 rw-p 00003000 00:f08 4611686019027979946       /nix/store/4nlgxhb09sdr51nc9hdm8az5b08vzkgx-glibc-2.35-163/lib/librt.so.1
7f79f54f7000-7f79f660a000 r-xp 00000000 00:f08 4611686019135360866       /nix/store/gpxl5qgg8kicmcvivwmybwjlpf7wh20l-graalvm17-ce-22.3.0/lib/server/libjvm.so
7f79f660a000-7f79f660b000 ---p 01113000 00:f08 4611686019135360866       /nix/store/gpxl5qgg8kicmcvivwmybwjlpf7wh20l-graalvm17-ce-22.3.0/lib/server/libjvm.so
7f79f660b000-7f79f66c0000 r--p 01113000 00:f08 4611686019135360866       /nix/store/gpxl5qgg8kicmcvivwmybwjlpf7wh20l-graalvm17-ce-22.3.0/lib/server/libjvm.so
7f79f66c0000-7f79f66f4000 rw-p 011c8000 00:f08 4611686019135360866       /nix/store/gpxl5qgg8kicmcvivwmybwjlpf7wh20l-graalvm17-ce-22.3.0/lib/server/libjvm.so
7f79f66f4000-7f79f6750000 rw-p 00000000 00:00 0 
7f79f6750000-7f79f6778000 r--p 00000000 00:f08 4611686019027979918       /nix/store/4nlgxhb09sdr51nc9hdm8az5b08vzkgx-glibc-2.35-163/lib/libc.so.6
7f79f6778000-7f79f68ee000 r-xp 00028000 00:f08 4611686019027979918       /nix/store/4nlgxhb09sdr51nc9hdm8az5b08vzkgx-glibc-2.35-163/lib/libc.so.6
7f79f68ee000-7f79f6946000 r--p 0019e000 00:f08 4611686019027979918       /nix/store/4nlgxhb09sdr51nc9hdm8az5b08vzkgx-glibc-2.35-163/lib/libc.so.6
7f79f6946000-7f79f694a000 r--p 001f6000 00:f08 4611686019027979918       /nix/store/4nlgxhb09sdr51nc9hdm8az5b08vzkgx-glibc-2.35-163/lib/libc.so.6
7f79f694a000-7f79f694c000 rw-p 001fa000 00:f08 4611686019027979918       /nix/store/4nlgxhb09sdr51nc9hdm8az5b08vzkgx-glibc-2.35-163/lib/libc.so.6
7f79f694c000-7f79f695b000 rw-p 00000000 00:00 0 
7f79f695b000-7f79f695c000 r--p 00000000 00:f08 4611686019027979923       /nix/store/4nlgxhb09sdr51nc9hdm8az5b08vzkgx-glibc-2.35-163/lib/libdl.so.2
7f79f695c000-7f79f695d000 r-xp 00001000 00:f08 4611686019027979923       /nix/store/4nlgxhb09sdr51nc9hdm8az5b08vzkgx-glibc-2.35-163/lib/libdl.so.2
7f79f695d000-7f79f695e000 r--p 00002000 00:f08 4611686019027979923       /nix/store/4nlgxhb09sdr51nc9hdm8az5b08vzkgx-glibc-2.35-163/lib/libdl.so.2
7f79f695e000-7f79f695f000 r--p 00002000 00:f08 4611686019027979923       /nix/store/4nlgxhb09sdr51nc9hdm8az5b08vzkgx-glibc-2.35-163/lib/libdl.so.2
7f79f695f000-7f79f6960000 rw-p 00003000 00:f08 4611686019027979923       /nix/store/4nlgxhb09sdr51nc9hdm8az5b08vzkgx-glibc-2.35-163/lib/libdl.so.2
7f79f6960000-7f79f6961000 r--p 00000000 00:f08 4611686019027979942       /nix/store/4nlgxhb09sdr51nc9hdm8az5b08vzkgx-glibc-2.35-163/lib/libpthread.so.0
7f79f6961000-7f79f6962000 r-xp 00001000 00:f08 4611686019027979942       /nix/store/4nlgxhb09sdr51nc9hdm8az5b08vzkgx-glibc-2.35-163/lib/libpthread.so.0
7f79f6962000-7f79f6963000 r--p 00002000 00:f08 4611686019027979942       /nix/store/4nlgxhb09sdr51nc9hdm8az5b08vzkgx-glibc-2.35-163/lib/libpthread.so.0
7f79f6963000-7f79f6964000 r--p 00002000 00:f08 4611686019027979942       /nix/store/4nlgxhb09sdr51nc9hdm8az5b08vzkgx-glibc-2.35-163/lib/libpthread.so.0
7f79f6964000-7f79f6965000 rw-p 00003000 00:f08 4611686019027979942       /nix/store/4nlgxhb09sdr51nc9hdm8az5b08vzkgx-glibc-2.35-163/lib/libpthread.so.0
7f79f6965000-7f79f6973000 r-xp 00000000 00:f08 4611686019135190033       /nix/store/gpxl5qgg8kicmcvivwmybwjlpf7wh20l-graalvm17-ce-22.3.0/lib/libjli.so
7f79f6973000-7f79f6974000 ---p 0000e000 00:f08 4611686019135190033       /nix/store/gpxl5qgg8kicmcvivwmybwjlpf7wh20l-graalvm17-ce-22.3.0/lib/libjli.so
7f79f6974000-7f79f6975000 r--p 0000e000 00:f08 4611686019135190033       /nix/store/gpxl5qgg8kicmcvivwmybwjlpf7wh20l-graalvm17-ce-22.3.0/lib/libjli.so
7f79f6975000-7f79f6976000 rw-p 0000f000 00:f08 4611686019135190033       /nix/store/gpxl5qgg8kicmcvivwmybwjlpf7wh20l-graalvm17-ce-22.3.0/lib/libjli.so
7f79f6976000-7f79f6977000 rw-p 00012000 00:f08 4611686019135190033       /nix/store/gpxl5qgg8kicmcvivwmybwjlpf7wh20l-graalvm17-ce-22.3.0/lib/libjli.so
7f79f6977000-7f79f697a000 r--p 00000000 00:f08 4611686019106210071       /nix/store/026hln0aq1hyshaxsdvhg0kmcm6yf45r-zlib-1.2.13/lib/libz.so.1.2.13
7f79f697a000-7f79f698c000 r-xp 00003000 00:f08 4611686019106210071       /nix/store/026hln0aq1hyshaxsdvhg0kmcm6yf45r-zlib-1.2.13/lib/libz.so.1.2.13
7f79f698c000-7f79f6993000 r--p 00015000 00:f08 4611686019106210071       /nix/store/026hln0aq1hyshaxsdvhg0kmcm6yf45r-zlib-1.2.13/lib/libz.so.1.2.13
7f79f6993000-7f79f6994000 r--p 0001b000 00:f08 4611686019106210071       /nix/store/026hln0aq1hyshaxsdvhg0kmcm6yf45r-zlib-1.2.13/lib/libz.so.1.2.13
7f79f6994000-7f79f6995000 rw-p 0001c000 00:f08 4611686019106210071       /nix/store/026hln0aq1hyshaxsdvhg0kmcm6yf45r-zlib-1.2.13/lib/libz.so.1.2.13
7f79f6995000-7f79f6997000 rw-p 00000000 00:00 0 
7f79f6997000-7f79f6999000 r--p 00000000 00:f08 4611686019027979912       /nix/store/4nlgxhb09sdr51nc9hdm8az5b08vzkgx-glibc-2.35-163/lib/ld-linux-x86-64.so.2
7f79f6999000-7f79f69c0000 r-xp 00002000 00:f08 4611686019027979912       /nix/store/4nlgxhb09sdr51nc9hdm8az5b08vzkgx-glibc-2.35-163/lib/ld-linux-x86-64.so.2
7f79f69c0000-7f79f69cc000 r--p 00029000 00:f08 4611686019027979912       /nix/store/4nlgxhb09sdr51nc9hdm8az5b08vzkgx-glibc-2.35-163/lib/ld-linux-x86-64.so.2
7f79f69cc000-7f79f69ce000 r--p 00034000 00:f08 4611686019027979912       /nix/store/4nlgxhb09sdr51nc9hdm8az5b08vzkgx-glibc-2.35-163/lib/ld-linux-x86-64.so.2
7f79f69ce000-7f79f69d0000 rw-p 00036000 00:f08 4611686019027979912       /nix/store/4nlgxhb09sdr51nc9hdm8az5b08vzkgx-glibc-2.35-163/lib/ld-linux-x86-64.so.2
7fffc4b0e000-7fffc4b32000 rw-p 00000000 00:00 0                          [stack]
7fffc4bde000-7fffc4be2000 r--p 00000000 00:00 0                          [vvar]
7fffc4be2000-7fffc4be4000 r-xp 00000000 00:00 0                          [vdso]
ffffffffff600000-ffffffffff601000 --xp 00000000 00:00 0                  [vsyscall]


VM Arguments:
jvm_args: -XX:ThreadPriorityPolicy=1 -XX:+UnlockExperimentalVMOptions -XX:+EnableJVMCIProduct -XX:JVMCIThreadsPerNativeLibraryRuntime=1 -XX:-UnlockExperimentalVMOptions -Declipse.application=org.eclipse.jdt.ls.core.id1 -Dosgi.bundles.defaultStartLevel=4 -Declipse.product=org.eclipse.jdt.ls.core.product -Dlog.level=ALL -Xverify:none -XX:+UseParallelGC -XX:GCTimeRatio=4 -XX:AdaptiveSizePolicyWeight=90 -Dsun.zip.disableMemoryMapping=true -Xmx512m -Xms100m 
java_command: /nix/store/m6gcpi1ii6rghy04cjwjddcavv7i90df-jdt-language-server-1.9.0/share/java/plugins/org.eclipse.equinox.launcher_1.6.400.v20210924-0641.jar --add-modules=ALL-SYSTEM --add-opens java.base/java.util=ALL-UNNAMED --add-opens java.base/java.lang=ALL-UNNAMED -configuration /home/runner/.cache/jdt-language-server/config -data /home/runner/.cache/jdt-language-server/data/home/runner/Recursion
java_class_path (initial): /nix/store/m6gcpi1ii6rghy04cjwjddcavv7i90df-jdt-language-server-1.9.0/share/java/plugins/org.eclipse.equinox.launcher_1.6.400.v20210924-0641.jar
Launcher Type: SUN_STANDARD

[Global flags]
    uintx AdaptiveSizePolicyWeight                 = 90                                        {product} {command line}
     intx CICompilerCount                          = 2                                         {product} {ergonomic}
     bool EnableJVMCIProduct                       = true                                {JVMCI product} {jimage}
    uintx GCTimeRatio                              = 4                                         {product} {command line}
   size_t InitialHeapSize                          = 104857600                                 {product} {command line}
     uint JVMCIThreadsPerNativeLibraryRuntime      = 1                                   {JVMCI product} {jimage}
   size_t MaxHeapSize                              = 536870912                                 {product} {command line}
   size_t MaxNewSize                               = 178782208                                 {product} {ergonomic}
   size_t MinHeapDeltaBytes                        = 524288                                    {product} {ergonomic}
   size_t MinHeapSize                              = 104857600                                 {product} {command line}
   size_t NewSize                                  = 34603008                                  {product} {ergonomic}
    uintx NonNMethodCodeHeapSize                   = 5826188                                {pd product} {ergonomic}
    uintx NonProfiledCodeHeapSize                  = 122916026                              {pd product} {ergonomic}
   size_t OldSize                                  = 70254592                                  {product} {ergonomic}
    uintx ProfiledCodeHeapSize                     = 122916026                              {pd product} {ergonomic}
    uintx ReservedCodeCacheSize                    = 251658240                              {pd product} {ergonomic}
     bool SegmentedCodeCache                       = true                                      {product} {ergonomic}
   size_t SoftMaxHeapSize                          = 536870912                              {manageable} {ergonomic}
     intx ThreadPriorityPolicy                     = 1                                         {product} {jimage}
     bool UseCompressedClassPointers               = true                           {product lp64_product} {ergonomic}
     bool UseCompressedOops                        = true                           {product lp64_product} {ergonomic}
     bool UseParallelGC                            = true                                      {product} {command line}

Logging:
Log output configuration:
 #0: stdout all=warning uptime,level,tags
 #1: stderr all=off uptime,level,tags

Environment Variables:
JAVA_HOME=/nix/store/gpxl5qgg8kicmcvivwmybwjlpf7wh20l-graalvm17-ce-22.3.0
PATH=/nix/store/1d6ian3r8kdzspw8hacjhl3xkp40g1lj-binutils-wrapper-2.39/bin:/nix/store/dq0xwmsk1g0i2ayg6pb7y87na2knzylh-gcc-wrapper-11.3.0/bin:/nix/store/bap4d0lpcrhpwmpb8ayjcgkmvfj62lnq-bash-interactive-5.1-p16/bin:/nix/store/pr5n59mb4jzmfx6kanwxly0l07p861fg-patchelf-0.15.0/bin:/nix/store/1gf2flfqnpqbr1b4p4qz2f72y42bs56r-gcc-11.3.0/bin:/nix/store/57xv61c5zi8pphjbcwxxjlgc34p61ic9-glibc-2.35-163-bin/bin:/nix/store/a7gvj343m05j2s32xcnwr35v31ynlypr-coreutils-9.1/bin:/nix/store/039g378vc3pc3dvi9dzdlrd0i4q93qwf-binutils-2.39/bin:/nix/store/gpxl5qgg8kicmcvivwmybwjlpf7wh20l-graalvm17-ce-22.3.0/bin:/nix/store/6z9ag3ihc8mq2hzsw48lhbznvzny65nz-apache-maven-3.8.6/bin:/nix/store/m6gcpi1ii6rghy04cjwjddcavv7i90df-jdt-language-server-1.9.0/bin:/nix/store/84xs5alhs01zrbr4ywm05kxbjbp5590l-java-debug/bin:/nix/store/mydc6f4k2z73xlcz7ilif3v2lcaiqvza-findutils-4.9.0/bin:/nix/store/j9p3g8472iijd50vhdprx0nmk2fqn5gv-diffutils-3.8/bin:/nix/store/89zs7rms6x00xfq4dq6m7mjnhkr8a6r4-gnused-4.8/bin:/nix/store/86bp03jkmsl6f92w0yzg4s59g5mhxwmy-gnugrep-3.7/bin:/nix/store/hwcdqw4jrjnd37wxqgsd47hd0j8bnj09-gawk-5.1.1/bin:/nix/store/cfbhw8r8ags41vwqaz47r583d0p4h4a1-gnutar-1.34/bin:/nix/store/p3m1ndl1lapwrlh698bnb5lvvxh67378-gzip-1.12/bin:/nix/store/a8mhcagrsly7c7mpjrpsnaahk4aax056-bzip2-1.0.8-bin/bin:/nix/store/mblgz65m3zv9x548a3d5m96fj2pbwr09-gnumake-4.3/bin:/nix/store/dsd5gz46hdbdk2rfdimqddhq6m8m8fqs-bash-5.1-p16/bin:/nix/store/v7ljksji50mg3w61dykaa3n3y79n6nil-patch-2.7.6/bin:/nix/store/zlcnmqq14jz5x9439jf937mvayyl63da-xz-5.2.7-bin/bin:/nix/store/y6aj732zm9m87c82fpvf103a1xb22blp-file-5.43/bin:/nix/store/sgqd0ajghcv2axfl1lad0b1alyavp0dc-prybar-elisp-0.0.0-67f7a00/bin:/nix/store/p3hsvljpgs68jqwar41lc0jqhjj734lf-prybar-lua-0.0.0-67f7a00/bin:/nix/store/qzxs2gybds3s9kb1vkaflpgm2nwr85fh-prybar-python3-0.0.0-67f7a00/bin:/nix/store/km94z9mxp8w4m8gxxp5mbfpdf3nkfvd8-prybar-sqlite-0.0.0-67f7a00/bin:/nix/store/2pnc7b76asw0z59c4l6h6qy8arwqrii1-prybar-tcl-0.0.0-67f7a00/bin:/nix/store/hpbvrlwd5viqmvcaisb3x0118i913a9n-st
LD_LIBRARY_PATH=/nix/store/a4pff549sk2idnkpzk5nsfps3mdkdnvm-cups-2.4.2-lib/lib:/nix/store/72mqxxhh3cy5yifh92wh2yb8cl2hikyy-cairo-1.16.0/lib:/nix/store/2k366jrbsra97gjfxwvrhvixjfxdach5-glib-2.74.1/lib:/nix/store/2j2znigd8ak37rlwh9khz0ry3clqlw1l-gtk+3-3.24.34/lib:/nix/store/hisqvx32cd57apbpcsnkpx6k3549wql1-libglvnd-1.4.0/lib:/nix/store/p36pgcv991mq5srvg765b78yqpxvk3qs-mesa-21.3.3-drivers/lib:/nix/store/mav4251if1ahjq5vkpwycyyvnmy459c4-pulseaudio-14.2/lib
DISPLAY=:0
LANG=en_US.UTF-8

Signal Handlers:
   SIGSEGV: crash_handler in libjvm.so, mask=11100100010111111101111111111110, flags=SA_RESTART|SA_SIGINFO
    SIGBUS: crash_handler in libjvm.so, mask=11100100010111111101111111111110, flags=SA_RESTART|SA_SIGINFO
    SIGFPE: crash_handler in libjvm.so, mask=11100100010111111101111111111110, flags=SA_RESTART|SA_SIGINFO
   SIGPIPE: IsolateEnterStub_IgnoreSIGPIPEStartupHook_noopSignalHandler_8f19bff2f35b5f630d83b364d6b2339320d4ec70_216e8361c6bc87a8f89f58cc10d3b2fd4415bf87 in libjvmcicompiler.so, mask=00000000000000000000000000000000, flags=SA_RESTART
  *** Handler was modified!
  *** Expected: javaSignalHandler in libjvm.so, mask=11100100110111111111111111111110, flags=SA_RESTART|SA_SIGINFO
   SIGXFSZ: javaSignalHandler in libjvm.so, mask=11100100010111111101111111111110, flags=SA_RESTART|SA_SIGINFO
    SIGILL: crash_handler in libjvm.so, mask=11100100010111111101111111111110, flags=SA_RESTART|SA_SIGINFO
   SIGUSR2: SR_handler in libjvm.so, mask=00000000000000000000000000000000, flags=SA_RESTART|SA_SIGINFO
    SIGHUP: UserHandler in libjvm.so, mask=11100100010111111101111111111110, flags=SA_RESTART|SA_SIGINFO
    SIGINT: UserHandler in libjvm.so, mask=11100100010111111101111111111110, flags=SA_RESTART|SA_SIGINFO
   SIGTERM: UserHandler in libjvm.so, mask=11100100010111111101111111111110, flags=SA_RESTART|SA_SIGINFO
   SIGQUIT: UserHandler in libjvm.so, mask=11100100010111111101111111111110, flags=SA_RESTART|SA_SIGINFO
  *** Handler was modified!
  *** Expected: javaSignalHandler in libjvm.so, mask=11100100110111111111111111111110, flags=SA_RESTART|SA_SIGINFO
   SIGTRAP: crash_handler in libjvm.so, mask=11100100010111111101111111111110, flags=SA_RESTART|SA_SIGINFO


---------------  S Y S T E M  ---------------

OS:
DISTRIB_ID=Ubuntu
DISTRIB_RELEASE=20.04
DISTRIB_CODENAME=focal
DISTRIB_DESCRIPTION="Ubuntu 20.04.2 LTS"
uname: Linux 5.15.0-1029-gcp #36~20.04.1-Ubuntu SMP Tue Jan 24 16:54:15 UTC 2023 x86_64
OS uptime: 0 days 19:53 hours
libc: glibc 2.35 NPTL 2.35 
rlimit (soft/hard): STACK 8192k/infinity , CORE infinity/infinity , NPROC infinity/infinity , NOFILE 5242/5242 , AS infinity/infinity , CPU infinity/infinity , DATA infinity/infinity , FSIZE infinity/infinity , MEMLOCK 64k/64k
load average: 2.21 1.41 1.20

/proc/meminfo:
MemTotal:       32872708 kB
MemFree:        11916092 kB
MemAvailable:   23752972 kB
Buffers:         2291612 kB
Cached:          8748532 kB
SwapCached:            0 kB
Active:          7191712 kB
Inactive:       10384400 kB
Active(anon):      12032 kB
Inactive(anon):  6447156 kB
Active(file):    7179680 kB
Inactive(file):  3937244 kB
Unevictable:       43964 kB
Mlocked:           43964 kB
SwapTotal:             0 kB
SwapFree:              0 kB
Dirty:              1420 kB
Writeback:             0 kB
AnonPages:       5567420 kB
Mapped:           959428 kB
Shmem:             35260 kB
KReclaimable:    1185792 kB
Slab:            2699168 kB
SReclaimable:    1185792 kB
SUnreclaim:      1513376 kB
KernelStack:      346472 kB
PageTables:        56888 kB
NFS_Unstable:          0 kB
Bounce:                0 kB
WritebackTmp:          0 kB
CommitLimit:    16436352 kB
Committed_AS:   29176936 kB
VmallocTotal:   34359738367 kB
VmallocUsed:      385588 kB
VmallocChunk:          0 kB
Percpu:            28272 kB
HardwareCorrupted:     0 kB
AnonHugePages:    501760 kB
ShmemHugePages:        0 kB
ShmemPmdMapped:        0 kB
FileHugePages:         0 kB
FilePmdMapped:         0 kB
HugePages_Total:       0
HugePages_Free:        0
HugePages_Rsvd:        0
HugePages_Surp:        0
Hugepagesize:       2048 kB
Hugetlb:               0 kB
DirectMap4k:     3881792 kB
DirectMap2M:    29669376 kB
DirectMap1G:     2097152 kB

/sys/kernel/mm/transparent_hugepage/enabled: always [madvise] never
/sys/kernel/mm/transparent_hugepage/defrag (defrag/compaction efforts parameter): always defer defer+madvise [madvise] never

Process Memory:
Virtual Size: 3871348K (peak: 3942744K)
Resident Set Size: 735200K (peak: 768336K) (anon: 538628K, file: 196572K, shmem: 0K)
Swapped out: 0K
C-Heap outstanding allocations: 41040K, retained: 13327K
glibc malloc tunables: (default)

/proc/sys/kernel/threads-max (system-wide limit on the number of threads): 256750
/proc/sys/vm/max_map_count (maximum number of memory map areas a process may have): 65530
/proc/sys/kernel/pid_max (system-wide limit on number of process identifiers): 4194304

container (cgroup) information:
container_type: cgroupv1
cpu_cpuset_cpus: 1-3
cpu_memory_nodes: 0
active_processor_count: 1
cpu_quota: 50000
cpu_period: 100000
cpu_shares: 512
memory_limit_in_bytes: 1048576 k
memory_and_swap_limit_in_bytes: 1048576 k
memory_soft_limit_in_bytes: 524288 k
memory_usage_in_bytes: 576092 k
memory_max_usage_in_bytes: 603260 k
maximum number of tasks: 1000
current number of tasks: 49

KVM virtualization detected
Steal ticks since vm start: 0
Steal ticks percentage since vm start:  0.000

CPU: total 4 (initial active 1) (4 cores per cpu, 2 threads per core) family 25 model 1 stepping 0 microcode 0xffffffff, cx8, cmov, fxsr, ht, mmx, 3dnowpref, sse, sse2, sse3, ssse3, sse4a, sse4.1, sse4.2, popcnt, lzcnt, tsc, tscinvbit, avx, avx2, aes, erms, clmul, bmi1, bmi2, adx, sha, fma, vzeroupper, clflush, clflushopt, hv
CPU Model and flags from /proc/cpuinfo:
model name	: AMD EPYC 7B13
flags		: fpu vme de pse tsc msr pae mce cx8 apic sep mtrr pge mca cmov pat pse36 clflush mmx fxsr sse sse2 ht syscall nx mmxext fxsr_opt pdpe1gb rdtscp lm constant_tsc rep_good nopl nonstop_tsc cpuid extd_apicid tsc_known_freq pni pclmulqdq ssse3 fma cx16 pcid sse4_1 sse4_2 movbe popcnt aes xsave avx f16c rdrand hypervisor lahf_lm cmp_legacy cr8_legacy abm sse4a misalignsse 3dnowprefetch osvw topoext invpcid_single ssbd ibrs ibpb stibp vmmcall fsgsbase tsc_adjust bmi1 avx2 smep bmi2 erms invpcid rdseed adx smap clflushopt clwb sha_ni xsaveopt xsavec xgetbv1 clzero xsaveerptr arat npt nrip_save umip vaes vpclmulqdq rdpid fsrm

Online cpus: 0-3
Offline cpus: 
BIOS frequency limitation: <Not Available>
Frequency switch latency (ns): <Not Available>
Available cpu frequencies: <Not Available>
Current governor: <Not Available>
Core performance/turbo boost: <Not Available>

Memory: 4k page, physical 1048576k(472472k free), swap 0k(0k free)
Page Sizes: 4k

vm_info: OpenJDK 64-Bit Server VM (17.0.5+8-jvmci-22.3-b08) for linux-amd64 JRE (17.0.5+8-jvmci-22.3-b08), built on Oct 19 2022 09:01:27 by "buildslave" with gcc 10.3.0

END.
